[ 2016-05-07T11:30:53+08:00 ] 127.0.0.1 /carshop/
INFO: [ app_init ] --START--
INFO: Run Behavior\BuildLiteBehavior [ RunTime:0.000000s ]
INFO: [ app_init ] --END-- [ RunTime:0.001000s ]
INFO: [ app_begin ] --START--
INFO: Run Behavior\ReadHtmlCacheBehavior [ RunTime:0.001000s ]
INFO: [ app_begin ] --END-- [ RunTime:0.001000s ]
NOTIC: [8] Undefined variable: pres F:\phpStudy\WWW\carshop\Application\Home\Controller\CommonController.class.php 第 19 行.
SQL: SHOW COLUMNS FROM `cs_cate` [ RunTime:0.0220s ]
SQL: SELECT `id`,`name`,`type` FROM `cs_cate` WHERE `parentid` = 0 AND `pc` = 1 ORDER BY sort asc  [ RunTime:0.0010s ]
SQL: SHOW COLUMNS FROM `cs_link` [ RunTime:0.0620s ]
SQL: SELECT `title`,`url` FROM `cs_link`  [ RunTime:0.0020s ]
SQL: SHOW COLUMNS FROM `cs_article` [ RunTime:0.0200s ]
SQL: SELECT `id`,`title`,`pic`,`rizu` FROM `cs_article` WHERE ( cateid=70 ) ORDER BY id desc LIMIT 3   [ RunTime:0.0010s ]
SQL: SELECT `id`,`title`,`pic`,`rizu` FROM `cs_article` WHERE ( cateid=68 ) ORDER BY id desc  [ RunTime:0.0010s ]
SQL: SELECT `id`,`title`,`time` FROM `cs_article` WHERE ( cateid=69 ) ORDER BY id desc LIMIT 3   [ RunTime:0.0000s ]
INFO: [ view_parse ] --START--
INFO: [ template_filter ] --START--
INFO: Run Behavior\ContentReplaceBehavior [ RunTime:0.000000s ]
INFO: [ template_filter ] --END-- [ RunTime:0.001000s ]
INFO: Run Behavior\ParseTemplateBehavior [ RunTime:0.058004s ]
INFO: [ view_parse ] --END-- [ RunTime:0.058004s ]
INFO: [ view_filter ] --START--
INFO: Run Behavior\WriteHtmlCacheBehavior [ RunTime:0.000000s ]
INFO: [ view_filter ] --END-- [ RunTime:0.000000s ]
INFO: [ app_end ] --START--
INFO: Run Behavior\ShowPageTraceBehavior [ RunTime:0.002000s ]
INFO: [ app_end ] --END-- [ RunTime:0.002000s ]

