[ 2016-05-06T11:30:15+08:00 ] 127.0.0.1 /carshop/index.php/
INFO: [ app_init ] --START--
INFO: Run Behavior\BuildLiteBehavior [ RunTime:0.000000s ]
INFO: [ app_init ] --END-- [ RunTime:0.000000s ]
INFO: [ app_begin ] --START--
INFO: Run Behavior\ReadHtmlCacheBehavior [ RunTime:0.001000s ]
INFO: [ app_begin ] --END-- [ RunTime:0.001000s ]
NOTIC: [8] Undefined variable: pres F:\phpStudy\WWW\carshop\Application\Home\Controller\CommonController.class.php 第 19 行.
SQL: SHOW COLUMNS FROM `cs_cate` [ RunTime:0.0130s ]
SQL: SELECT `id`,`name`,`type` FROM `cs_cate` WHERE `parentid` = 0 AND `pc` = 1 ORDER BY sort asc  [ RunTime:0.0010s ]
SQL: SHOW COLUMNS FROM `cs_link` [ RunTime:0.0540s ]
SQL: SELECT `title`,`url` FROM `cs_link`  [ RunTime:0.0020s ]
SQL: SHOW COLUMNS FROM `cs_article` [ RunTime:0.0110s ]
SQL: SELECT `id`,`title`,`pic`,`rizu` FROM `cs_article` WHERE ( cateid=70 ) ORDER BY id desc LIMIT 3   [ RunTime:0.0010s ]
SQL: SELECT `id`,`title`,`pic`,`rizu` FROM `cs_article` WHERE ( cateid=68 ) ORDER BY id desc  [ RunTime:0.0010s ]
SQL: SELECT `id`,`title`,`time` FROM `cs_article` WHERE ( cateid=69 ) ORDER BY id desc LIMIT 3   [ RunTime:0.0000s ]
INFO: [ view_parse ] --START--
INFO: [ template_filter ] --START--
INFO: Run Behavior\ContentReplaceBehavior [ RunTime:0.000000s ]
INFO: [ template_filter ] --END-- [ RunTime:0.000000s ]
INFO: Run Behavior\ParseTemplateBehavior [ RunTime:0.037002s ]
INFO: [ view_parse ] --END-- [ RunTime:0.037002s ]
INFO: [ view_filter ] --START--
INFO: Run Behavior\WriteHtmlCacheBehavior [ RunTime:0.000000s ]
INFO: [ view_filter ] --END-- [ RunTime:0.000000s ]
INFO: [ app_end ] --START--
INFO: Run Behavior\ShowPageTraceBehavior [ RunTime:0.001000s ]
INFO: [ app_end ] --END-- [ RunTime:0.001000s ]

[ 2016-05-06T11:30:19+08:00 ] 127.0.0.1 /carshop/index.php/Home/Arlist/index/cateid/69
INFO: [ app_init ] --START--
INFO: Run Behavior\BuildLiteBehavior [ RunTime:0.000000s ]
INFO: [ app_init ] --END-- [ RunTime:0.000000s ]
INFO: [ app_begin ] --START--
INFO: Run Behavior\ReadHtmlCacheBehavior [ RunTime:0.000000s ]
INFO: [ app_begin ] --END-- [ RunTime:0.000000s ]
SQL: SHOW COLUMNS FROM `cs_cate` [ RunTime:0.0090s ]
SQL: SELECT * FROM `cs_cate` WHERE `id` = 69 LIMIT 1   [ RunTime:0.0000s ]
SQL: SELECT * FROM `cs_cate` WHERE `id` = 69 LIMIT 1   [ RunTime:0.0010s ]
SQL: SELECT * FROM `cs_cate` WHERE `id` = 69 LIMIT 1   [ RunTime:0.0000s ]
SQL: SELECT * FROM `cs_cate` WHERE ( parentid=69 )  [ RunTime:0.0000s ]
SQL: SELECT * FROM `cs_cate` WHERE ( parentid=69 )  [ RunTime:0.0000s ]
SQL: SELECT `id`,`name`,`type` FROM `cs_cate` WHERE `parentid` = 0 AND `pc` = 1 ORDER BY sort asc  [ RunTime:0.0000s ]
SQL: SHOW COLUMNS FROM `cs_link` [ RunTime:0.0070s ]
SQL: SELECT `title`,`url` FROM `cs_link`  [ RunTime:0.0010s ]
SQL: SHOW COLUMNS FROM `cs_article` [ RunTime:0.0090s ]
SQL: SELECT COUNT(*) AS tp_count FROM `cs_article` WHERE ( cateid=69 ) LIMIT 1   [ RunTime:0.0000s ]
SQL: SELECT * FROM `cs_article` WHERE ( cateid=69 ) ORDER BY time asc LIMIT 0,2   [ RunTime:0.0000s ]
INFO: [ view_parse ] --START--
INFO: [ template_filter ] --START--
INFO: Run Behavior\ContentReplaceBehavior [ RunTime:0.000000s ]
INFO: [ template_filter ] --END-- [ RunTime:0.000000s ]
NOTIC: [8] Undefined variable: contro F:\phpStudy\WWW\carshop\Application\Runtime\Cache\Home\0b67f368aa9aa7c51ba19e336244a85a.php 第 146 行.
NOTIC: [8] Undefined variable: son3pid F:\phpStudy\WWW\carshop\Application\Runtime\Cache\Home\0b67f368aa9aa7c51ba19e336244a85a.php 第 151 行.
NOTIC: [8] Undefined variable: contro F:\phpStudy\WWW\carshop\Application\Runtime\Cache\Home\0b67f368aa9aa7c51ba19e336244a85a.php 第 146 行.
NOTIC: [8] Undefined variable: son3pid F:\phpStudy\WWW\carshop\Application\Runtime\Cache\Home\0b67f368aa9aa7c51ba19e336244a85a.php 第 151 行.
INFO: Run Behavior\ParseTemplateBehavior [ RunTime:0.031002s ]
INFO: [ view_parse ] --END-- [ RunTime:0.031002s ]
INFO: [ view_filter ] --START--
INFO: Run Behavior\WriteHtmlCacheBehavior [ RunTime:0.000000s ]
INFO: [ view_filter ] --END-- [ RunTime:0.000000s ]
INFO: [ app_end ] --START--
INFO: Run Behavior\ShowPageTraceBehavior [ RunTime:0.000000s ]
INFO: [ app_end ] --END-- [ RunTime:0.000000s ]

[ 2016-05-06T11:30:25+08:00 ] 127.0.0.1 /carshop/index.php/Home/Arlist/index/cateid/69/p/2.html
INFO: [ app_init ] --START--
INFO: Run Behavior\BuildLiteBehavior [ RunTime:0.000000s ]
INFO: [ app_init ] --END-- [ RunTime:0.001000s ]
INFO: [ app_begin ] --START--
INFO: Run Behavior\ReadHtmlCacheBehavior [ RunTime:0.001000s ]
INFO: [ app_begin ] --END-- [ RunTime:0.001000s ]
SQL: SHOW COLUMNS FROM `cs_cate` [ RunTime:0.0060s ]
SQL: SELECT * FROM `cs_cate` WHERE `id` = 69 LIMIT 1   [ RunTime:0.0000s ]
SQL: SELECT * FROM `cs_cate` WHERE `id` = 69 LIMIT 1   [ RunTime:0.0000s ]
SQL: SELECT * FROM `cs_cate` WHERE `id` = 69 LIMIT 1   [ RunTime:0.0010s ]
SQL: SELECT * FROM `cs_cate` WHERE ( parentid=69 )  [ RunTime:0.0000s ]
SQL: SELECT * FROM `cs_cate` WHERE ( parentid=69 )  [ RunTime:0.0010s ]
SQL: SELECT `id`,`name`,`type` FROM `cs_cate` WHERE `parentid` = 0 AND `pc` = 1 ORDER BY sort asc  [ RunTime:0.0000s ]
SQL: SHOW COLUMNS FROM `cs_link` [ RunTime:0.0080s ]
SQL: SELECT `title`,`url` FROM `cs_link`  [ RunTime:0.0020s ]
SQL: SHOW COLUMNS FROM `cs_article` [ RunTime:0.0070s ]
SQL: SELECT COUNT(*) AS tp_count FROM `cs_article` WHERE ( cateid=69 ) LIMIT 1   [ RunTime:0.0000s ]
SQL: SELECT * FROM `cs_article` WHERE ( cateid=69 ) ORDER BY time asc LIMIT 2,2   [ RunTime:0.0010s ]
INFO: [ view_parse ] --START--
INFO: [ template_filter ] --START--
INFO: Run Behavior\ContentReplaceBehavior [ RunTime:0.000000s ]
INFO: [ template_filter ] --END-- [ RunTime:0.000000s ]
NOTIC: [8] Undefined variable: contro F:\phpStudy\WWW\carshop\Application\Runtime\Cache\Home\0b67f368aa9aa7c51ba19e336244a85a.php 第 146 行.
NOTIC: [8] Undefined variable: son3pid F:\phpStudy\WWW\carshop\Application\Runtime\Cache\Home\0b67f368aa9aa7c51ba19e336244a85a.php 第 151 行.
NOTIC: [8] Undefined variable: contro F:\phpStudy\WWW\carshop\Application\Runtime\Cache\Home\0b67f368aa9aa7c51ba19e336244a85a.php 第 146 行.
NOTIC: [8] Undefined variable: son3pid F:\phpStudy\WWW\carshop\Application\Runtime\Cache\Home\0b67f368aa9aa7c51ba19e336244a85a.php 第 151 行.
INFO: Run Behavior\ParseTemplateBehavior [ RunTime:0.014001s ]
INFO: [ view_parse ] --END-- [ RunTime:0.014001s ]
INFO: [ view_filter ] --START--
INFO: Run Behavior\WriteHtmlCacheBehavior [ RunTime:0.000000s ]
INFO: [ view_filter ] --END-- [ RunTime:0.000000s ]
INFO: [ app_end ] --START--
INFO: Run Behavior\ShowPageTraceBehavior [ RunTime:0.000000s ]
INFO: [ app_end ] --END-- [ RunTime:0.000000s ]

[ 2016-05-06T12:28:59+08:00 ] 127.0.0.1 /carshop/index.php/Home/Article/index/arid/14
INFO: [ app_init ] --START--
INFO: Run Behavior\BuildLiteBehavior [ RunTime:0.000000s ]
INFO: [ app_init ] --END-- [ RunTime:0.000000s ]
INFO: [ app_begin ] --START--
INFO: Run Behavior\ReadHtmlCacheBehavior [ RunTime:0.000000s ]
INFO: [ app_begin ] --END-- [ RunTime:0.000000s ]
SQL: SHOW COLUMNS FROM `cs_article` [ RunTime:0.0050s ]
SQL: SELECT * FROM `cs_article` WHERE `id` = 14 LIMIT 1   [ RunTime:0.0000s ]
SQL: SHOW COLUMNS FROM `cs_cate` [ RunTime:0.0060s ]
SQL: SELECT * FROM `cs_cate` WHERE `id` = 69 LIMIT 1   [ RunTime:0.0000s ]
SQL: SELECT * FROM `cs_cate` WHERE `id` = 69 LIMIT 1   [ RunTime:0.0000s ]
SQL: SELECT * FROM `cs_cate` WHERE `id` = 69 LIMIT 1   [ RunTime:0.0010s ]
SQL: SELECT * FROM `cs_cate` WHERE ( parentid=69 )  [ RunTime:0.0000s ]
SQL: SELECT * FROM `cs_cate` WHERE ( parentid=69 )  [ RunTime:0.0000s ]
SQL: SELECT `id`,`name`,`type` FROM `cs_cate` WHERE `parentid` = 0 AND `pc` = 1 ORDER BY sort asc  [ RunTime:0.0010s ]
SQL: SHOW COLUMNS FROM `cs_link` [ RunTime:0.0260s ]
SQL: SELECT `title`,`url` FROM `cs_link`  [ RunTime:0.0010s ]
SQL: SELECT * FROM `cs_article` WHERE `id` = 14 LIMIT 1   [ RunTime:0.0010s ]
SQL: SELECT * FROM `cs_article` WHERE ( id<14 ) ORDER BY id desc LIMIT 1   [ RunTime:0.0000s ]
SQL: SELECT * FROM `cs_article` WHERE ( id>14 ) ORDER BY id asc LIMIT 1   [ RunTime:0.0000s ]
INFO: [ view_parse ] --START--
INFO: [ template_filter ] --START--
INFO: Run Behavior\ContentReplaceBehavior [ RunTime:0.000000s ]
INFO: [ template_filter ] --END-- [ RunTime:0.000000s ]
NOTIC: [8] Undefined variable: contro F:\phpStudy\WWW\carshop\Application\Runtime\Cache\Home\2ac6c1276904b87404ed678dbabb985c.php 第 147 行.
NOTIC: [8] Undefined index: cateid F:\phpStudy\WWW\carshop\Application\Runtime\Cache\Home\2ac6c1276904b87404ed678dbabb985c.php 第 152 行.
NOTIC: [8] Undefined variable: son3pid F:\phpStudy\WWW\carshop\Application\Runtime\Cache\Home\2ac6c1276904b87404ed678dbabb985c.php 第 152 行.
NOTIC: [8] Undefined variable: contro F:\phpStudy\WWW\carshop\Application\Runtime\Cache\Home\2ac6c1276904b87404ed678dbabb985c.php 第 147 行.
NOTIC: [8] Undefined index: cateid F:\phpStudy\WWW\carshop\Application\Runtime\Cache\Home\2ac6c1276904b87404ed678dbabb985c.php 第 152 行.
NOTIC: [8] Undefined variable: son3pid F:\phpStudy\WWW\carshop\Application\Runtime\Cache\Home\2ac6c1276904b87404ed678dbabb985c.php 第 152 行.
NOTIC: [8] Undefined variable: aricles F:\phpStudy\WWW\carshop\Application\Runtime\Cache\Home\2ac6c1276904b87404ed678dbabb985c.php 第 195 行.
INFO: Run Behavior\ParseTemplateBehavior [ RunTime:0.069004s ]
INFO: [ view_parse ] --END-- [ RunTime:0.069004s ]
INFO: [ view_filter ] --START--
INFO: Run Behavior\WriteHtmlCacheBehavior [ RunTime:0.001000s ]
INFO: [ view_filter ] --END-- [ RunTime:0.001000s ]
INFO: [ app_end ] --START--
INFO: Run Behavior\ShowPageTraceBehavior [ RunTime:0.000000s ]
INFO: [ app_end ] --END-- [ RunTime:0.000000s ]

[ 2016-05-06T12:29:00+08:00 ] 127.0.0.1 /carshop/index.php/Home/Article/index/arid/js/fy.js
INFO: [ app_init ] --START--
INFO: Run Behavior\BuildLiteBehavior [ RunTime:0.000000s ]
INFO: [ app_init ] --END-- [ RunTime:0.000000s ]
INFO: [ app_begin ] --START--
INFO: Run Behavior\ReadHtmlCacheBehavior [ RunTime:0.000000s ]
INFO: [ app_begin ] --END-- [ RunTime:0.000000s ]
SQL: SHOW COLUMNS FROM `cs_article` [ RunTime:0.0070s ]
SQL: SELECT * FROM `cs_article` WHERE `id` = 0 LIMIT 1   [ RunTime:0.0000s ]
NOTIC: [8] Undefined variable: pres F:\phpStudy\WWW\carshop\Application\Home\Controller\CommonController.class.php 第 19 行.
SQL: SHOW COLUMNS FROM `cs_cate` [ RunTime:0.0090s ]
SQL: SELECT `id`,`name`,`type` FROM `cs_cate` WHERE `parentid` = 0 AND `pc` = 1 ORDER BY sort asc  [ RunTime:0.0000s ]
SQL: SHOW COLUMNS FROM `cs_link` [ RunTime:0.0110s ]
SQL: SELECT `title`,`url` FROM `cs_link`  [ RunTime:0.0010s ]
SQL: SELECT * FROM `cs_article` WHERE `id` = 0 LIMIT 1   [ RunTime:0.0000s ]
ERR: 1054:Unknown column 'js' in 'where clause'
 [ SQL语句 ] : SELECT * FROM `cs_article` WHERE ( id<js ) ORDER BY id desc LIMIT 1  
ERR: 1054:Unknown column 'js' in 'where clause'
 [ SQL语句 ] : SELECT * FROM `cs_article` WHERE ( id<js ) ORDER BY id desc LIMIT 1  

[ 2016-05-06T12:29:01+08:00 ] 127.0.0.1 /carshop/
INFO: [ app_init ] --START--
INFO: Run Behavior\BuildLiteBehavior [ RunTime:0.000000s ]
INFO: [ app_init ] --END-- [ RunTime:0.001000s ]
INFO: [ app_begin ] --START--
INFO: Run Behavior\ReadHtmlCacheBehavior [ RunTime:0.001000s ]
INFO: [ app_begin ] --END-- [ RunTime:0.001000s ]
NOTIC: [8] Undefined variable: pres F:\phpStudy\WWW\carshop\Application\Home\Controller\CommonController.class.php 第 19 行.
SQL: SHOW COLUMNS FROM `cs_cate` [ RunTime:0.0090s ]
SQL: SELECT `id`,`name`,`type` FROM `cs_cate` WHERE `parentid` = 0 AND `pc` = 1 ORDER BY sort asc  [ RunTime:0.0010s ]
SQL: SHOW COLUMNS FROM `cs_link` [ RunTime:0.0070s ]
SQL: SELECT `title`,`url` FROM `cs_link`  [ RunTime:0.0010s ]
SQL: SHOW COLUMNS FROM `cs_article` [ RunTime:0.0110s ]
SQL: SELECT `id`,`title`,`pic`,`rizu` FROM `cs_article` WHERE ( cateid=70 ) ORDER BY id desc LIMIT 3   [ RunTime:0.0010s ]
SQL: SELECT `id`,`title`,`pic`,`rizu` FROM `cs_article` WHERE ( cateid=68 ) ORDER BY id desc  [ RunTime:0.0000s ]
SQL: SELECT `id`,`title`,`time` FROM `cs_article` WHERE ( cateid=69 ) ORDER BY id desc LIMIT 3   [ RunTime:0.0010s ]
INFO: [ view_parse ] --START--
INFO: [ template_filter ] --START--
INFO: Run Behavior\ContentReplaceBehavior [ RunTime:0.000000s ]
INFO: [ template_filter ] --END-- [ RunTime:0.000000s ]
INFO: Run Behavior\ParseTemplateBehavior [ RunTime:0.038002s ]
INFO: [ view_parse ] --END-- [ RunTime:0.039002s ]
INFO: [ view_filter ] --START--
INFO: Run Behavior\WriteHtmlCacheBehavior [ RunTime:0.000000s ]
INFO: [ view_filter ] --END-- [ RunTime:0.000000s ]
INFO: [ app_end ] --START--
INFO: Run Behavior\ShowPageTraceBehavior [ RunTime:0.000000s ]
INFO: [ app_end ] --END-- [ RunTime:0.000000s ]

[ 2016-05-06T12:29:02+08:00 ] 127.0.0.1 /carshop/index.php/Home/Article/index/arid/js/fy.js
INFO: [ app_init ] --START--
INFO: Run Behavior\BuildLiteBehavior [ RunTime:0.000000s ]
INFO: [ app_init ] --END-- [ RunTime:0.001000s ]
INFO: [ app_begin ] --START--
INFO: Run Behavior\ReadHtmlCacheBehavior [ RunTime:0.001001s ]
INFO: [ app_begin ] --END-- [ RunTime:0.001001s ]
SQL: SHOW COLUMNS FROM `cs_article` [ RunTime:0.0080s ]
SQL: SELECT * FROM `cs_article` WHERE `id` = 0 LIMIT 1   [ RunTime:0.0000s ]
NOTIC: [8] Undefined variable: pres F:\phpStudy\WWW\carshop\Application\Home\Controller\CommonController.class.php 第 19 行.
SQL: SHOW COLUMNS FROM `cs_cate` [ RunTime:0.0090s ]
SQL: SELECT `id`,`name`,`type` FROM `cs_cate` WHERE `parentid` = 0 AND `pc` = 1 ORDER BY sort asc  [ RunTime:0.0010s ]
SQL: SHOW COLUMNS FROM `cs_link` [ RunTime:0.0080s ]
SQL: SELECT `title`,`url` FROM `cs_link`  [ RunTime:0.0000s ]
SQL: SELECT * FROM `cs_article` WHERE `id` = 0 LIMIT 1   [ RunTime:0.0010s ]
ERR: 1054:Unknown column 'js' in 'where clause'
 [ SQL语句 ] : SELECT * FROM `cs_article` WHERE ( id<js ) ORDER BY id desc LIMIT 1  
ERR: 1054:Unknown column 'js' in 'where clause'
 [ SQL语句 ] : SELECT * FROM `cs_article` WHERE ( id<js ) ORDER BY id desc LIMIT 1  

[ 2016-05-06T12:29:03+08:00 ] 127.0.0.1 /carshop/
INFO: [ app_init ] --START--
INFO: Run Behavior\BuildLiteBehavior [ RunTime:0.000000s ]
INFO: [ app_init ] --END-- [ RunTime:0.001000s ]
INFO: [ app_begin ] --START--
INFO: Run Behavior\ReadHtmlCacheBehavior [ RunTime:0.001000s ]
INFO: [ app_begin ] --END-- [ RunTime:0.001000s ]
NOTIC: [8] Undefined variable: pres F:\phpStudy\WWW\carshop\Application\Home\Controller\CommonController.class.php 第 19 行.
SQL: SHOW COLUMNS FROM `cs_cate` [ RunTime:0.0080s ]
SQL: SELECT `id`,`name`,`type` FROM `cs_cate` WHERE `parentid` = 0 AND `pc` = 1 ORDER BY sort asc  [ RunTime:0.0010s ]
SQL: SHOW COLUMNS FROM `cs_link` [ RunTime:0.0080s ]
SQL: SELECT `title`,`url` FROM `cs_link`  [ RunTime:0.0010s ]
SQL: SHOW COLUMNS FROM `cs_article` [ RunTime:0.0070s ]
SQL: SELECT `id`,`title`,`pic`,`rizu` FROM `cs_article` WHERE ( cateid=70 ) ORDER BY id desc LIMIT 3   [ RunTime:0.0000s ]
SQL: SELECT `id`,`title`,`pic`,`rizu` FROM `cs_article` WHERE ( cateid=68 ) ORDER BY id desc  [ RunTime:0.0010s ]
SQL: SELECT `id`,`title`,`time` FROM `cs_article` WHERE ( cateid=69 ) ORDER BY id desc LIMIT 3   [ RunTime:0.0000s ]
INFO: [ view_parse ] --START--
INFO: [ template_filter ] --START--
INFO: Run Behavior\ContentReplaceBehavior [ RunTime:0.000000s ]
INFO: [ template_filter ] --END-- [ RunTime:0.000000s ]
INFO: Run Behavior\ParseTemplateBehavior [ RunTime:0.016001s ]
INFO: [ view_parse ] --END-- [ RunTime:0.016001s ]
INFO: [ view_filter ] --START--
INFO: Run Behavior\WriteHtmlCacheBehavior [ RunTime:0.000000s ]
INFO: [ view_filter ] --END-- [ RunTime:0.000000s ]
INFO: [ app_end ] --START--
INFO: Run Behavior\ShowPageTraceBehavior [ RunTime:0.001000s ]
INFO: [ app_end ] --END-- [ RunTime:0.001000s ]

[ 2016-05-06T16:04:15+08:00 ] 127.0.0.1 /carshop/
INFO: [ app_init ] --START--
INFO: Run Behavior\BuildLiteBehavior [ RunTime:0.000000s ]
INFO: [ app_init ] --END-- [ RunTime:0.000000s ]
INFO: [ app_begin ] --START--
INFO: Run Behavior\ReadHtmlCacheBehavior [ RunTime:0.000000s ]
INFO: [ app_begin ] --END-- [ RunTime:0.000000s ]
NOTIC: [8] Undefined variable: pres F:\phpStudy\WWW\carshop\Application\Home\Controller\CommonController.class.php 第 19 行.
SQL: SHOW COLUMNS FROM `cs_cate` [ RunTime:0.0060s ]
SQL: SELECT `id`,`name`,`type` FROM `cs_cate` WHERE `parentid` = 0 AND `pc` = 1 ORDER BY sort asc  [ RunTime:0.0010s ]
SQL: SHOW COLUMNS FROM `cs_link` [ RunTime:0.0170s ]
SQL: SELECT `title`,`url` FROM `cs_link`  [ RunTime:0.0000s ]
SQL: SHOW COLUMNS FROM `cs_article` [ RunTime:0.0040s ]
SQL: SELECT `id`,`title`,`pic`,`rizu` FROM `cs_article` WHERE ( cateid=70 ) ORDER BY id desc LIMIT 3   [ RunTime:0.0010s ]
SQL: SELECT `id`,`title`,`pic`,`rizu` FROM `cs_article` WHERE ( cateid=68 ) ORDER BY id desc  [ RunTime:0.0000s ]
SQL: SELECT `id`,`title`,`time` FROM `cs_article` WHERE ( cateid=69 ) ORDER BY id desc LIMIT 3   [ RunTime:0.0000s ]
INFO: [ view_parse ] --START--
INFO: [ template_filter ] --START--
INFO: Run Behavior\ContentReplaceBehavior [ RunTime:0.000000s ]
INFO: [ template_filter ] --END-- [ RunTime:0.000000s ]
INFO: Run Behavior\ParseTemplateBehavior [ RunTime:0.045002s ]
INFO: [ view_parse ] --END-- [ RunTime:0.045002s ]
INFO: [ view_filter ] --START--
INFO: Run Behavior\WriteHtmlCacheBehavior [ RunTime:0.000000s ]
INFO: [ view_filter ] --END-- [ RunTime:0.000000s ]
INFO: [ app_end ] --START--
INFO: Run Behavior\ShowPageTraceBehavior [ RunTime:0.000000s ]
INFO: [ app_end ] --END-- [ RunTime:0.000000s ]

