[ 2016-04-29T12:38:53+08:00 ] 127.0.0.1 /carshop/index.php/js/jquery.lightbox-0.5.min.js
INFO: [ app_init ] --START--
INFO: Run Behavior\BuildLiteBehavior [ RunTime:0.000000s ]
INFO: [ app_init ] --END-- [ RunTime:0.001000s ]
ERR: 无法加载模块:Js

[ 2016-04-29T12:38:53+08:00 ] 127.0.0.1 /carshop/index.php/images/er.gif
INFO: [ app_init ] --START--
INFO: Run Behavior\BuildLiteBehavior [ RunTime:0.001000s ]
INFO: [ app_init ] --END-- [ RunTime:0.001000s ]
ERR: 无法加载模块:Images

[ 2016-04-29T12:38:54+08:00 ] 127.0.0.1 /carshop/index.php/js/jquery.lightbox-0.5.min.js
INFO: [ app_init ] --START--
INFO: Run Behavior\BuildLiteBehavior [ RunTime:0.000000s ]
INFO: [ app_init ] --END-- [ RunTime:0.010001s ]
ERR: 无法加载模块:Js

[ 2016-04-29T12:38:54+08:00 ] 127.0.0.1 /carshop/index.php/images/er.gif
INFO: [ app_init ] --START--
INFO: Run Behavior\BuildLiteBehavior [ RunTime:0.000000s ]
INFO: [ app_init ] --END-- [ RunTime:0.001000s ]
ERR: 无法加载模块:Images

