[ 2016-04-29T13:52:24+08:00 ] 127.0.0.1 /carshop/index.php/admin
INFO: [ app_init ] --START--
INFO: Run Behavior\BuildLiteBehavior [ RunTime:0.000000s ]
INFO: [ app_init ] --END-- [ RunTime:0.000000s ]
INFO: [ app_begin ] --START--
INFO: Run Behavior\ReadHtmlCacheBehavior [ RunTime:0.001000s ]
INFO: [ app_begin ] --END-- [ RunTime:0.001000s ]
INFO: [ view_parse ] --START--
INFO: [ template_filter ] --START--
INFO: Run Behavior\ContentReplaceBehavior [ RunTime:0.000000s ]
INFO: [ template_filter ] --END-- [ RunTime:0.000000s ]
INFO: Run Behavior\ParseTemplateBehavior [ RunTime:0.013001s ]
INFO: [ view_parse ] --END-- [ RunTime:0.014001s ]
INFO: [ view_filter ] --START--
INFO: Run Behavior\WriteHtmlCacheBehavior [ RunTime:0.001000s ]
INFO: [ view_filter ] --END-- [ RunTime:0.001000s ]

[ 2016-04-29T13:52:27+08:00 ] 127.0.0.1 /carshop/index.php/Admin/Login/index.html
INFO: [ app_init ] --START--
INFO: Run Behavior\BuildLiteBehavior [ RunTime:0.000000s ]
INFO: [ app_init ] --END-- [ RunTime:0.001000s ]
INFO: [ app_begin ] --START--
INFO: Run Behavior\ReadHtmlCacheBehavior [ RunTime:0.000000s ]
INFO: [ app_begin ] --END-- [ RunTime:0.001000s ]
INFO: [ view_parse ] --START--
INFO: [ template_filter ] --START--
INFO: Run Behavior\ContentReplaceBehavior [ RunTime:0.000000s ]
INFO: [ template_filter ] --END-- [ RunTime:0.000000s ]
INFO: Run Behavior\ParseTemplateBehavior [ RunTime:0.011001s ]
INFO: [ view_parse ] --END-- [ RunTime:0.011001s ]
INFO: [ view_filter ] --START--
INFO: Run Behavior\WriteHtmlCacheBehavior [ RunTime:0.001000s ]
INFO: [ view_filter ] --END-- [ RunTime:0.001000s ]
INFO: [ app_end ] --START--
INFO: Run Behavior\ShowPageTraceBehavior [ RunTime:0.000000s ]
INFO: [ app_end ] --END-- [ RunTime:0.000000s ]

[ 2016-04-29T13:52:27+08:00 ] 127.0.0.1 /carshop/index.php/Admin/Login/verify
INFO: [ app_init ] --START--
INFO: Run Behavior\BuildLiteBehavior [ RunTime:0.000000s ]
INFO: [ app_init ] --END-- [ RunTime:0.000000s ]
INFO: [ app_begin ] --START--
INFO: Run Behavior\ReadHtmlCacheBehavior [ RunTime:0.001000s ]
INFO: [ app_begin ] --END-- [ RunTime:0.001000s ]
INFO: [ app_end ] --START--
INFO: Run Behavior\ShowPageTraceBehavior [ RunTime:0.001000s ]
INFO: [ app_end ] --END-- [ RunTime:0.001000s ]

[ 2016-04-29T13:52:35+08:00 ] 127.0.0.1 /carshop/index.php/Admin/Login/index.html
INFO: [ app_init ] --START--
INFO: Run Behavior\BuildLiteBehavior [ RunTime:0.000000s ]
INFO: [ app_init ] --END-- [ RunTime:0.001000s ]
INFO: [ app_begin ] --START--
INFO: Run Behavior\ReadHtmlCacheBehavior [ RunTime:0.001000s ]
INFO: [ app_begin ] --END-- [ RunTime:0.001000s ]
NOTIC: [8] Use of undefined constant unique - assumed 'unique' F:\phpStudy\WWW\carshop\ThinkPHP\Common\functions.php 第 588 行.
NOTIC: [8] Use of undefined constant unique - assumed 'unique' F:\phpStudy\WWW\carshop\ThinkPHP\Common\functions.php 第 588 行.
SQL: SHOW COLUMNS FROM `cs_admin` [ RunTime:0.0790s ]
NOTIC: [8] Undefined index: validate F:\phpStudy\WWW\carshop\ThinkPHP\Library\Think\Model.class.php 第 1185 行.
NOTIC: [8] Undefined index: auto F:\phpStudy\WWW\carshop\ThinkPHP\Library\Think\Model.class.php 第 1128 行.
SQL: SELECT * FROM `cs_admin` WHERE ( username='admin' ) LIMIT 1   [ RunTime:0.0000s ]
NOTIC: [8] Undefined variable: roles F:\phpStudy\WWW\carshop\Application\Admin\Model\AdminModel.class.php 第 61 行.
NOTIC: [8] Use of undefined constant unique - assumed 'unique' F:\phpStudy\WWW\carshop\ThinkPHP\Common\functions.php 第 588 行.
SQL: SHOW COLUMNS FROM `cs_role` [ RunTime:0.0420s ]
NOTIC: [8] Use of undefined constant unique - assumed 'unique' F:\phpStudy\WWW\carshop\ThinkPHP\Common\functions.php 第 588 行.
SQL: SHOW COLUMNS FROM `cs_privilege` [ RunTime:0.0280s ]
SQL: SELECT `rolename`,`pri_id_list` FROM `cs_role` WHERE `id` = 1 LIMIT 1   [ RunTime:0.0000s ]
SQL: SELECT * FROM `cs_privilege` WHERE ( parentid=0 )  [ RunTime:0.0050s ]
SQL: SELECT * FROM `cs_privilege` WHERE ( parentid=17 )  [ RunTime:0.0000s ]
SQL: SELECT * FROM `cs_privilege` WHERE ( parentid=30 )  [ RunTime:0.0000s ]
INFO: [ view_parse ] --START--
INFO: [ template_filter ] --START--
INFO: Run Behavior\ContentReplaceBehavior [ RunTime:0.000000s ]
INFO: [ template_filter ] --END-- [ RunTime:0.000000s ]
INFO: Run Behavior\ParseTemplateBehavior [ RunTime:0.004000s ]
INFO: [ view_parse ] --END-- [ RunTime:0.004000s ]
INFO: [ view_filter ] --START--
INFO: Run Behavior\WriteHtmlCacheBehavior [ RunTime:0.000000s ]
INFO: [ view_filter ] --END-- [ RunTime:0.000000s ]
INFO: [ app_end ] --START--
INFO: Run Behavior\ShowPageTraceBehavior [ RunTime:0.001000s ]
INFO: [ app_end ] --END-- [ RunTime:0.001000s ]

[ 2016-04-29T13:52:36+08:00 ] 127.0.0.1 /carshop/index.php/Admin/index/index.html
INFO: [ app_init ] --START--
INFO: Run Behavior\BuildLiteBehavior [ RunTime:0.000000s ]
INFO: [ app_init ] --END-- [ RunTime:0.001000s ]
INFO: [ app_begin ] --START--
INFO: Run Behavior\ReadHtmlCacheBehavior [ RunTime:0.000000s ]
INFO: [ app_begin ] --END-- [ RunTime:0.000000s ]
INFO: [ view_parse ] --START--
INFO: [ template_filter ] --START--
INFO: Run Behavior\ContentReplaceBehavior [ RunTime:0.000000s ]
INFO: [ template_filter ] --END-- [ RunTime:0.000000s ]
INFO: Run Behavior\ParseTemplateBehavior [ RunTime:0.039003s ]
INFO: [ view_parse ] --END-- [ RunTime:0.039003s ]
INFO: [ view_filter ] --START--
INFO: Run Behavior\WriteHtmlCacheBehavior [ RunTime:0.000000s ]
INFO: [ view_filter ] --END-- [ RunTime:0.000000s ]
INFO: [ app_end ] --START--
INFO: Run Behavior\ShowPageTraceBehavior [ RunTime:0.000000s ]
INFO: [ app_end ] --END-- [ RunTime:0.000000s ]

[ 2016-04-29T13:59:12+08:00 ] 127.0.0.1 /carshop/index.php/Admin/Article/lst
INFO: [ app_init ] --START--
INFO: Run Behavior\BuildLiteBehavior [ RunTime:0.000000s ]
INFO: [ app_init ] --END-- [ RunTime:0.001000s ]
INFO: [ app_begin ] --START--
INFO: Run Behavior\ReadHtmlCacheBehavior [ RunTime:0.000000s ]
INFO: [ app_begin ] --END-- [ RunTime:0.000000s ]
SQL: SHOW COLUMNS FROM `cs_article` [ RunTime:0.0110s ]
SQL: SHOW COLUMNS FROM `cs_cate` [ RunTime:0.0080s ]
NOTIC: [2] Invalid argument supplied for foreach() F:\phpStudy\WWW\carshop\ThinkPHP\Library\Think\Db\Driver.class.php 第 504 行.
SQL: SELECT COUNT(*) AS tp_count FROM cs_article article LEFT JOIN cs_cate cate ON article.cateid=cate.id LIMIT 1   [ RunTime:0.0010s ]
NOTIC: [2] Invalid argument supplied for foreach() F:\phpStudy\WWW\carshop\ThinkPHP\Library\Think\Db\Driver.class.php 第 504 行.
SQL: SELECT article.id AS id,article.title AS title,article.rem AS rem,article.pic AS pic,cate.name AS name FROM cs_article article LEFT JOIN cs_cate cate ON article.cateid=cate.id LIMIT 0,3   [ RunTime:0.0010s ]
NOTIC: [8] Use of undefined constant unique - assumed 'unique' F:\phpStudy\WWW\carshop\ThinkPHP\Common\functions.php 第 588 行.
SQL: SHOW COLUMNS FROM `cs_cate` [ RunTime:0.0100s ]
SQL: SELECT * FROM `cs_cate` ORDER BY sort asc  [ RunTime:0.0010s ]
INFO: [ view_parse ] --START--
INFO: [ template_filter ] --START--
INFO: Run Behavior\ContentReplaceBehavior [ RunTime:0.000000s ]
INFO: [ template_filter ] --END-- [ RunTime:0.000000s ]
INFO: Run Behavior\ParseTemplateBehavior [ RunTime:0.017001s ]
INFO: [ view_parse ] --END-- [ RunTime:0.017001s ]
INFO: [ view_filter ] --START--
INFO: Run Behavior\WriteHtmlCacheBehavior [ RunTime:0.001000s ]
INFO: [ view_filter ] --END-- [ RunTime:0.001000s ]
INFO: [ app_end ] --START--
INFO: Run Behavior\ShowPageTraceBehavior [ RunTime:0.000000s ]
INFO: [ app_end ] --END-- [ RunTime:0.000000s ]

[ 2016-04-29T13:59:16+08:00 ] 127.0.0.1 /carshop/index.php/Admin/Article/edit/id/12
INFO: [ app_init ] --START--
INFO: Run Behavior\BuildLiteBehavior [ RunTime:0.000000s ]
INFO: [ app_init ] --END-- [ RunTime:0.001000s ]
INFO: [ app_begin ] --START--
INFO: Run Behavior\ReadHtmlCacheBehavior [ RunTime:0.001000s ]
INFO: [ app_begin ] --END-- [ RunTime:0.001000s ]
NOTIC: [8] Use of undefined constant unique - assumed 'unique' F:\phpStudy\WWW\carshop\ThinkPHP\Common\functions.php 第 588 行.
SQL: SHOW COLUMNS FROM `cs_article` [ RunTime:0.0070s ]
SQL: SELECT * FROM `cs_article` WHERE `id` = 12 LIMIT 1   [ RunTime:0.0010s ]
NOTIC: [8] Use of undefined constant unique - assumed 'unique' F:\phpStudy\WWW\carshop\ThinkPHP\Common\functions.php 第 588 行.
SQL: SHOW COLUMNS FROM `cs_cate` [ RunTime:0.0070s ]
SQL: SELECT * FROM `cs_cate` ORDER BY sort asc  [ RunTime:0.0010s ]
INFO: [ view_parse ] --START--
INFO: [ template_filter ] --START--
INFO: Run Behavior\ContentReplaceBehavior [ RunTime:0.000000s ]
INFO: [ template_filter ] --END-- [ RunTime:0.000000s ]
INFO: Run Behavior\ParseTemplateBehavior [ RunTime:0.026002s ]
INFO: [ view_parse ] --END-- [ RunTime:0.026002s ]
INFO: [ view_filter ] --START--
INFO: Run Behavior\WriteHtmlCacheBehavior [ RunTime:0.001000s ]
INFO: [ view_filter ] --END-- [ RunTime:0.001000s ]
INFO: [ app_end ] --START--
INFO: Run Behavior\ShowPageTraceBehavior [ RunTime:0.000000s ]
INFO: [ app_end ] --END-- [ RunTime:0.000000s ]

[ 2016-04-29T14:02:59+08:00 ] 127.0.0.1 /carshop/index.php/Admin/Article/lst
INFO: [ app_init ] --START--
INFO: Run Behavior\BuildLiteBehavior [ RunTime:0.000000s ]
INFO: [ app_init ] --END-- [ RunTime:0.000000s ]
INFO: [ app_begin ] --START--
INFO: Run Behavior\ReadHtmlCacheBehavior [ RunTime:0.001000s ]
INFO: [ app_begin ] --END-- [ RunTime:0.001000s ]
SQL: SHOW COLUMNS FROM `cs_article` [ RunTime:0.0100s ]
SQL: SHOW COLUMNS FROM `cs_cate` [ RunTime:0.0060s ]
NOTIC: [2] Invalid argument supplied for foreach() F:\phpStudy\WWW\carshop\ThinkPHP\Library\Think\Db\Driver.class.php 第 504 行.
SQL: SELECT COUNT(*) AS tp_count FROM cs_article article LEFT JOIN cs_cate cate ON article.cateid=cate.id LIMIT 1   [ RunTime:0.0060s ]
NOTIC: [2] Invalid argument supplied for foreach() F:\phpStudy\WWW\carshop\ThinkPHP\Library\Think\Db\Driver.class.php 第 504 行.
SQL: SELECT article.id AS id,article.title AS title,article.rem AS rem,article.pic AS pic,cate.name AS name FROM cs_article article LEFT JOIN cs_cate cate ON article.cateid=cate.id LIMIT 0,3   [ RunTime:0.0010s ]
NOTIC: [8] Use of undefined constant unique - assumed 'unique' F:\phpStudy\WWW\carshop\ThinkPHP\Common\functions.php 第 588 行.
SQL: SHOW COLUMNS FROM `cs_cate` [ RunTime:0.0050s ]
SQL: SELECT * FROM `cs_cate` ORDER BY sort asc  [ RunTime:0.0030s ]
INFO: [ view_parse ] --START--
INFO: [ template_filter ] --START--
INFO: Run Behavior\ContentReplaceBehavior [ RunTime:0.000000s ]
INFO: [ template_filter ] --END-- [ RunTime:0.001000s ]
INFO: Run Behavior\ParseTemplateBehavior [ RunTime:0.014001s ]
INFO: [ view_parse ] --END-- [ RunTime:0.014001s ]
INFO: [ view_filter ] --START--
INFO: Run Behavior\WriteHtmlCacheBehavior [ RunTime:0.000000s ]
INFO: [ view_filter ] --END-- [ RunTime:0.000000s ]
INFO: [ app_end ] --START--
INFO: Run Behavior\ShowPageTraceBehavior [ RunTime:0.001000s ]
INFO: [ app_end ] --END-- [ RunTime:0.001000s ]

[ 2016-04-29T14:03:04+08:00 ] 127.0.0.1 /carshop/index.php/Admin/Article/lst/p/6.html
INFO: [ app_init ] --START--
INFO: Run Behavior\BuildLiteBehavior [ RunTime:0.000000s ]
INFO: [ app_init ] --END-- [ RunTime:0.000000s ]
INFO: [ app_begin ] --START--
INFO: Run Behavior\ReadHtmlCacheBehavior [ RunTime:0.001000s ]
INFO: [ app_begin ] --END-- [ RunTime:0.001000s ]
SQL: SHOW COLUMNS FROM `cs_article` [ RunTime:0.0050s ]
SQL: SHOW COLUMNS FROM `cs_cate` [ RunTime:0.0070s ]
NOTIC: [2] Invalid argument supplied for foreach() F:\phpStudy\WWW\carshop\ThinkPHP\Library\Think\Db\Driver.class.php 第 504 行.
SQL: SELECT COUNT(*) AS tp_count FROM cs_article article LEFT JOIN cs_cate cate ON article.cateid=cate.id LIMIT 1   [ RunTime:0.0010s ]
NOTIC: [2] Invalid argument supplied for foreach() F:\phpStudy\WWW\carshop\ThinkPHP\Library\Think\Db\Driver.class.php 第 504 行.
SQL: SELECT article.id AS id,article.title AS title,article.rem AS rem,article.pic AS pic,cate.name AS name FROM cs_article article LEFT JOIN cs_cate cate ON article.cateid=cate.id LIMIT 15,3   [ RunTime:0.0000s ]
NOTIC: [8] Use of undefined constant unique - assumed 'unique' F:\phpStudy\WWW\carshop\ThinkPHP\Common\functions.php 第 588 行.
SQL: SHOW COLUMNS FROM `cs_cate` [ RunTime:0.0040s ]
SQL: SELECT * FROM `cs_cate` ORDER BY sort asc  [ RunTime:0.0010s ]
INFO: [ view_parse ] --START--
INFO: [ template_filter ] --START--
INFO: Run Behavior\ContentReplaceBehavior [ RunTime:0.000000s ]
INFO: [ template_filter ] --END-- [ RunTime:0.000000s ]
INFO: Run Behavior\ParseTemplateBehavior [ RunTime:0.008001s ]
INFO: [ view_parse ] --END-- [ RunTime:0.008001s ]
INFO: [ view_filter ] --START--
INFO: Run Behavior\WriteHtmlCacheBehavior [ RunTime:0.000000s ]
INFO: [ view_filter ] --END-- [ RunTime:0.000000s ]
INFO: [ app_end ] --START--
INFO: Run Behavior\ShowPageTraceBehavior [ RunTime:0.001000s ]
INFO: [ app_end ] --END-- [ RunTime:0.001000s ]

[ 2016-04-29T14:03:06+08:00 ] 127.0.0.1 /carshop/index.php/Admin/Article/lst/p/4.html
INFO: [ app_init ] --START--
INFO: Run Behavior\BuildLiteBehavior [ RunTime:0.000000s ]
INFO: [ app_init ] --END-- [ RunTime:0.001000s ]
INFO: [ app_begin ] --START--
INFO: Run Behavior\ReadHtmlCacheBehavior [ RunTime:0.000000s ]
INFO: [ app_begin ] --END-- [ RunTime:0.000000s ]
SQL: SHOW COLUMNS FROM `cs_article` [ RunTime:0.0180s ]
SQL: SHOW COLUMNS FROM `cs_cate` [ RunTime:0.0160s ]
NOTIC: [2] Invalid argument supplied for foreach() F:\phpStudy\WWW\carshop\ThinkPHP\Library\Think\Db\Driver.class.php 第 504 行.
SQL: SELECT COUNT(*) AS tp_count FROM cs_article article LEFT JOIN cs_cate cate ON article.cateid=cate.id LIMIT 1   [ RunTime:0.0000s ]
NOTIC: [2] Invalid argument supplied for foreach() F:\phpStudy\WWW\carshop\ThinkPHP\Library\Think\Db\Driver.class.php 第 504 行.
SQL: SELECT article.id AS id,article.title AS title,article.rem AS rem,article.pic AS pic,cate.name AS name FROM cs_article article LEFT JOIN cs_cate cate ON article.cateid=cate.id LIMIT 9,3   [ RunTime:0.0000s ]
NOTIC: [8] Use of undefined constant unique - assumed 'unique' F:\phpStudy\WWW\carshop\ThinkPHP\Common\functions.php 第 588 行.
SQL: SHOW COLUMNS FROM `cs_cate` [ RunTime:0.0070s ]
SQL: SELECT * FROM `cs_cate` ORDER BY sort asc  [ RunTime:0.0000s ]
INFO: [ view_parse ] --START--
INFO: [ template_filter ] --START--
INFO: Run Behavior\ContentReplaceBehavior [ RunTime:0.000000s ]
INFO: [ template_filter ] --END-- [ RunTime:0.000000s ]
INFO: Run Behavior\ParseTemplateBehavior [ RunTime:0.010000s ]
INFO: [ view_parse ] --END-- [ RunTime:0.010000s ]
INFO: [ view_filter ] --START--
INFO: Run Behavior\WriteHtmlCacheBehavior [ RunTime:0.000000s ]
INFO: [ view_filter ] --END-- [ RunTime:0.000000s ]
INFO: [ app_end ] --START--
INFO: Run Behavior\ShowPageTraceBehavior [ RunTime:0.013001s ]
INFO: [ app_end ] --END-- [ RunTime:0.013001s ]

[ 2016-04-29T14:03:11+08:00 ] 127.0.0.1 /carshop/index.php/Admin/Article/lst/p/3.html
INFO: [ app_init ] --START--
INFO: Run Behavior\BuildLiteBehavior [ RunTime:0.000000s ]
INFO: [ app_init ] --END-- [ RunTime:0.000000s ]
INFO: [ app_begin ] --START--
INFO: Run Behavior\ReadHtmlCacheBehavior [ RunTime:0.001000s ]
INFO: [ app_begin ] --END-- [ RunTime:0.001000s ]
SQL: SHOW COLUMNS FROM `cs_article` [ RunTime:0.0180s ]
SQL: SHOW COLUMNS FROM `cs_cate` [ RunTime:0.0100s ]
NOTIC: [2] Invalid argument supplied for foreach() F:\phpStudy\WWW\carshop\ThinkPHP\Library\Think\Db\Driver.class.php 第 504 行.
SQL: SELECT COUNT(*) AS tp_count FROM cs_article article LEFT JOIN cs_cate cate ON article.cateid=cate.id LIMIT 1   [ RunTime:0.0010s ]
NOTIC: [2] Invalid argument supplied for foreach() F:\phpStudy\WWW\carshop\ThinkPHP\Library\Think\Db\Driver.class.php 第 504 行.
SQL: SELECT article.id AS id,article.title AS title,article.rem AS rem,article.pic AS pic,cate.name AS name FROM cs_article article LEFT JOIN cs_cate cate ON article.cateid=cate.id LIMIT 6,3   [ RunTime:0.0010s ]
NOTIC: [8] Use of undefined constant unique - assumed 'unique' F:\phpStudy\WWW\carshop\ThinkPHP\Common\functions.php 第 588 行.
SQL: SHOW COLUMNS FROM `cs_cate` [ RunTime:0.0100s ]
SQL: SELECT * FROM `cs_cate` ORDER BY sort asc  [ RunTime:0.0010s ]
INFO: [ view_parse ] --START--
INFO: [ template_filter ] --START--
INFO: Run Behavior\ContentReplaceBehavior [ RunTime:0.000000s ]
INFO: [ template_filter ] --END-- [ RunTime:0.000000s ]
INFO: Run Behavior\ParseTemplateBehavior [ RunTime:0.017001s ]
INFO: [ view_parse ] --END-- [ RunTime:0.017001s ]
INFO: [ view_filter ] --START--
INFO: Run Behavior\WriteHtmlCacheBehavior [ RunTime:0.000000s ]
INFO: [ view_filter ] --END-- [ RunTime:0.000000s ]
INFO: [ app_end ] --START--
INFO: Run Behavior\ShowPageTraceBehavior [ RunTime:0.001000s ]
INFO: [ app_end ] --END-- [ RunTime:0.001000s ]

[ 2016-04-29T14:03:20+08:00 ] 127.0.0.1 /carshop/index.php/Admin/Article/lst/p/2.html
INFO: [ app_init ] --START--
INFO: Run Behavior\BuildLiteBehavior [ RunTime:0.000000s ]
INFO: [ app_init ] --END-- [ RunTime:0.000000s ]
INFO: [ app_begin ] --START--
INFO: Run Behavior\ReadHtmlCacheBehavior [ RunTime:0.000000s ]
INFO: [ app_begin ] --END-- [ RunTime:0.001000s ]
SQL: SHOW COLUMNS FROM `cs_article` [ RunTime:0.0280s ]
SQL: SHOW COLUMNS FROM `cs_cate` [ RunTime:0.0140s ]
NOTIC: [2] Invalid argument supplied for foreach() F:\phpStudy\WWW\carshop\ThinkPHP\Library\Think\Db\Driver.class.php 第 504 行.
SQL: SELECT COUNT(*) AS tp_count FROM cs_article article LEFT JOIN cs_cate cate ON article.cateid=cate.id LIMIT 1   [ RunTime:0.0010s ]
NOTIC: [2] Invalid argument supplied for foreach() F:\phpStudy\WWW\carshop\ThinkPHP\Library\Think\Db\Driver.class.php 第 504 行.
SQL: SELECT article.id AS id,article.title AS title,article.rem AS rem,article.pic AS pic,cate.name AS name FROM cs_article article LEFT JOIN cs_cate cate ON article.cateid=cate.id LIMIT 3,3   [ RunTime:0.0000s ]
NOTIC: [8] Use of undefined constant unique - assumed 'unique' F:\phpStudy\WWW\carshop\ThinkPHP\Common\functions.php 第 588 行.
SQL: SHOW COLUMNS FROM `cs_cate` [ RunTime:0.0150s ]
SQL: SELECT * FROM `cs_cate` ORDER BY sort asc  [ RunTime:0.0010s ]
INFO: [ view_parse ] --START--
INFO: [ template_filter ] --START--
INFO: Run Behavior\ContentReplaceBehavior [ RunTime:0.000000s ]
INFO: [ template_filter ] --END-- [ RunTime:0.001001s ]
INFO: Run Behavior\ParseTemplateBehavior [ RunTime:0.012001s ]
INFO: [ view_parse ] --END-- [ RunTime:0.012001s ]
INFO: [ view_filter ] --START--
INFO: Run Behavior\WriteHtmlCacheBehavior [ RunTime:0.000000s ]
INFO: [ view_filter ] --END-- [ RunTime:0.000000s ]
INFO: [ app_end ] --START--
INFO: Run Behavior\ShowPageTraceBehavior [ RunTime:0.000000s ]
INFO: [ app_end ] --END-- [ RunTime:0.000000s ]

[ 2016-04-29T14:03:22+08:00 ] 127.0.0.1 /carshop/index.php/Admin/Article/lst/p/3.html
INFO: [ app_init ] --START--
INFO: Run Behavior\BuildLiteBehavior [ RunTime:0.000000s ]
INFO: [ app_init ] --END-- [ RunTime:0.001000s ]
INFO: [ app_begin ] --START--
INFO: Run Behavior\ReadHtmlCacheBehavior [ RunTime:0.001000s ]
INFO: [ app_begin ] --END-- [ RunTime:0.001000s ]
SQL: SHOW COLUMNS FROM `cs_article` [ RunTime:0.0070s ]
SQL: SHOW COLUMNS FROM `cs_cate` [ RunTime:0.0060s ]
NOTIC: [2] Invalid argument supplied for foreach() F:\phpStudy\WWW\carshop\ThinkPHP\Library\Think\Db\Driver.class.php 第 504 行.
SQL: SELECT COUNT(*) AS tp_count FROM cs_article article LEFT JOIN cs_cate cate ON article.cateid=cate.id LIMIT 1   [ RunTime:0.0000s ]
NOTIC: [2] Invalid argument supplied for foreach() F:\phpStudy\WWW\carshop\ThinkPHP\Library\Think\Db\Driver.class.php 第 504 行.
SQL: SELECT article.id AS id,article.title AS title,article.rem AS rem,article.pic AS pic,cate.name AS name FROM cs_article article LEFT JOIN cs_cate cate ON article.cateid=cate.id LIMIT 6,3   [ RunTime:0.0010s ]
NOTIC: [8] Use of undefined constant unique - assumed 'unique' F:\phpStudy\WWW\carshop\ThinkPHP\Common\functions.php 第 588 行.
SQL: SHOW COLUMNS FROM `cs_cate` [ RunTime:0.0070s ]
SQL: SELECT * FROM `cs_cate` ORDER BY sort asc  [ RunTime:0.0010s ]
INFO: [ view_parse ] --START--
INFO: [ template_filter ] --START--
INFO: Run Behavior\ContentReplaceBehavior [ RunTime:0.000000s ]
INFO: [ template_filter ] --END-- [ RunTime:0.000000s ]
INFO: Run Behavior\ParseTemplateBehavior [ RunTime:0.008000s ]
INFO: [ view_parse ] --END-- [ RunTime:0.008000s ]
INFO: [ view_filter ] --START--
INFO: Run Behavior\WriteHtmlCacheBehavior [ RunTime:0.000000s ]
INFO: [ view_filter ] --END-- [ RunTime:0.000000s ]
INFO: [ app_end ] --START--
INFO: Run Behavior\ShowPageTraceBehavior [ RunTime:0.001000s ]
INFO: [ app_end ] --END-- [ RunTime:0.001000s ]

[ 2016-04-29T14:03:26+08:00 ] 127.0.0.1 /carshop/index.php/Admin/Article/edit/id/10
INFO: [ app_init ] --START--
INFO: Run Behavior\BuildLiteBehavior [ RunTime:0.000000s ]
INFO: [ app_init ] --END-- [ RunTime:0.001000s ]
INFO: [ app_begin ] --START--
INFO: Run Behavior\ReadHtmlCacheBehavior [ RunTime:0.000000s ]
INFO: [ app_begin ] --END-- [ RunTime:0.000000s ]
NOTIC: [8] Use of undefined constant unique - assumed 'unique' F:\phpStudy\WWW\carshop\ThinkPHP\Common\functions.php 第 588 行.
SQL: SHOW COLUMNS FROM `cs_article` [ RunTime:0.0070s ]
SQL: SELECT * FROM `cs_article` WHERE `id` = 10 LIMIT 1   [ RunTime:0.0010s ]
NOTIC: [8] Use of undefined constant unique - assumed 'unique' F:\phpStudy\WWW\carshop\ThinkPHP\Common\functions.php 第 588 行.
SQL: SHOW COLUMNS FROM `cs_cate` [ RunTime:0.0080s ]
SQL: SELECT * FROM `cs_cate` ORDER BY sort asc  [ RunTime:0.0010s ]
INFO: [ view_parse ] --START--
INFO: [ template_filter ] --START--
INFO: Run Behavior\ContentReplaceBehavior [ RunTime:0.000000s ]
INFO: [ template_filter ] --END-- [ RunTime:0.000000s ]
INFO: Run Behavior\ParseTemplateBehavior [ RunTime:0.007001s ]
INFO: [ view_parse ] --END-- [ RunTime:0.009001s ]
INFO: [ view_filter ] --START--
INFO: Run Behavior\WriteHtmlCacheBehavior [ RunTime:0.000000s ]
INFO: [ view_filter ] --END-- [ RunTime:0.000000s ]
INFO: [ app_end ] --START--
INFO: Run Behavior\ShowPageTraceBehavior [ RunTime:0.000000s ]
INFO: [ app_end ] --END-- [ RunTime:0.000000s ]

[ 2016-04-29T14:03:41+08:00 ] 127.0.0.1 /carshop/index.php/Admin/Article/edit/id/10
INFO: [ app_init ] --START--
INFO: Run Behavior\BuildLiteBehavior [ RunTime:0.000000s ]
INFO: [ app_init ] --END-- [ RunTime:0.001000s ]
INFO: [ app_begin ] --START--
INFO: Run Behavior\ReadHtmlCacheBehavior [ RunTime:0.000000s ]
INFO: [ app_begin ] --END-- [ RunTime:0.000000s ]
NOTIC: [8] Use of undefined constant unique - assumed 'unique' F:\phpStudy\WWW\carshop\ThinkPHP\Common\functions.php 第 588 行.
SQL: SHOW COLUMNS FROM `cs_article` [ RunTime:0.0110s ]
NOTIC: [8] Undefined index: validate F:\phpStudy\WWW\carshop\ThinkPHP\Library\Think\Model.class.php 第 1185 行.
NOTIC: [8] Undefined index: auto F:\phpStudy\WWW\carshop\ThinkPHP\Library\Think\Model.class.php 第 1128 行.
SQL: UPDATE `cs_article` SET `title`='车型展示1',`rizu`='100',`num`='',`atype`='1',`author`='1',`cateid`='68',`content`='&lt;p&gt;车型展示1车型展示1车型展示1&lt;br/&gt;&lt;/p&gt;',`keywords`='2',`des`='3',`rem`='1',`time`='1461909821' WHERE `id` = 10 [ RunTime:0.0010s ]
INFO: [ view_parse ] --START--
INFO: [ template_filter ] --START--
INFO: Run Behavior\ContentReplaceBehavior [ RunTime:0.000000s ]
INFO: [ template_filter ] --END-- [ RunTime:0.000000s ]
INFO: Run Behavior\ParseTemplateBehavior [ RunTime:0.007001s ]
INFO: [ view_parse ] --END-- [ RunTime:0.007001s ]
INFO: [ view_filter ] --START--
INFO: Run Behavior\WriteHtmlCacheBehavior [ RunTime:0.000000s ]
INFO: [ view_filter ] --END-- [ RunTime:0.000000s ]
INFO: [ app_end ] --START--
INFO: Run Behavior\ShowPageTraceBehavior [ RunTime:0.001000s ]
INFO: [ app_end ] --END-- [ RunTime:0.001000s ]

[ 2016-04-29T14:03:43+08:00 ] 127.0.0.1 /carshop/index.php/Admin/Article/lst.html
INFO: [ app_init ] --START--
INFO: Run Behavior\BuildLiteBehavior [ RunTime:0.000000s ]
INFO: [ app_init ] --END-- [ RunTime:0.001000s ]
INFO: [ app_begin ] --START--
INFO: Run Behavior\ReadHtmlCacheBehavior [ RunTime:0.001000s ]
INFO: [ app_begin ] --END-- [ RunTime:0.001000s ]
SQL: SHOW COLUMNS FROM `cs_article` [ RunTime:0.0130s ]
SQL: SHOW COLUMNS FROM `cs_cate` [ RunTime:0.0080s ]
NOTIC: [2] Invalid argument supplied for foreach() F:\phpStudy\WWW\carshop\ThinkPHP\Library\Think\Db\Driver.class.php 第 504 行.
SQL: SELECT COUNT(*) AS tp_count FROM cs_article article LEFT JOIN cs_cate cate ON article.cateid=cate.id LIMIT 1   [ RunTime:0.0000s ]
NOTIC: [2] Invalid argument supplied for foreach() F:\phpStudy\WWW\carshop\ThinkPHP\Library\Think\Db\Driver.class.php 第 504 行.
SQL: SELECT article.id AS id,article.title AS title,article.rem AS rem,article.pic AS pic,cate.name AS name FROM cs_article article LEFT JOIN cs_cate cate ON article.cateid=cate.id LIMIT 0,3   [ RunTime:0.0000s ]
NOTIC: [8] Use of undefined constant unique - assumed 'unique' F:\phpStudy\WWW\carshop\ThinkPHP\Common\functions.php 第 588 行.
SQL: SHOW COLUMNS FROM `cs_cate` [ RunTime:0.0090s ]
SQL: SELECT * FROM `cs_cate` ORDER BY sort asc  [ RunTime:0.0000s ]
INFO: [ view_parse ] --START--
INFO: [ template_filter ] --START--
INFO: Run Behavior\ContentReplaceBehavior [ RunTime:0.000000s ]
INFO: [ template_filter ] --END-- [ RunTime:0.000000s ]
INFO: Run Behavior\ParseTemplateBehavior [ RunTime:0.007000s ]
INFO: [ view_parse ] --END-- [ RunTime:0.007000s ]
INFO: [ view_filter ] --START--
INFO: Run Behavior\WriteHtmlCacheBehavior [ RunTime:0.000000s ]
INFO: [ view_filter ] --END-- [ RunTime:0.000000s ]
INFO: [ app_end ] --START--
INFO: Run Behavior\ShowPageTraceBehavior [ RunTime:0.000000s ]
INFO: [ app_end ] --END-- [ RunTime:0.000000s ]

[ 2016-04-29T14:41:39+08:00 ] 127.0.0.1 /carshop/index.php/Admin/Article/lst/p/2.html
INFO: [ app_init ] --START--
INFO: Run Behavior\BuildLiteBehavior [ RunTime:0.000000s ]
INFO: [ app_init ] --END-- [ RunTime:0.000000s ]
INFO: [ app_begin ] --START--
INFO: Run Behavior\ReadHtmlCacheBehavior [ RunTime:0.000000s ]
INFO: [ app_begin ] --END-- [ RunTime:0.001000s ]
SQL: SHOW COLUMNS FROM `cs_article` [ RunTime:0.0070s ]
SQL: SHOW COLUMNS FROM `cs_cate` [ RunTime:0.0070s ]
NOTIC: [2] Invalid argument supplied for foreach() F:\phpStudy\WWW\carshop\ThinkPHP\Library\Think\Db\Driver.class.php 第 504 行.
SQL: SELECT COUNT(*) AS tp_count FROM cs_article article LEFT JOIN cs_cate cate ON article.cateid=cate.id LIMIT 1   [ RunTime:0.0000s ]
NOTIC: [2] Invalid argument supplied for foreach() F:\phpStudy\WWW\carshop\ThinkPHP\Library\Think\Db\Driver.class.php 第 504 行.
SQL: SELECT article.id AS id,article.title AS title,article.rem AS rem,article.pic AS pic,cate.name AS name FROM cs_article article LEFT JOIN cs_cate cate ON article.cateid=cate.id LIMIT 3,3   [ RunTime:0.0010s ]
NOTIC: [8] Use of undefined constant unique - assumed 'unique' F:\phpStudy\WWW\carshop\ThinkPHP\Common\functions.php 第 588 行.
SQL: SHOW COLUMNS FROM `cs_cate` [ RunTime:0.0090s ]
SQL: SELECT * FROM `cs_cate` ORDER BY sort asc  [ RunTime:0.0000s ]
INFO: [ view_parse ] --START--
INFO: [ template_filter ] --START--
INFO: Run Behavior\ContentReplaceBehavior [ RunTime:0.000000s ]
INFO: [ template_filter ] --END-- [ RunTime:0.000000s ]
INFO: Run Behavior\ParseTemplateBehavior [ RunTime:0.007001s ]
INFO: [ view_parse ] --END-- [ RunTime:0.008001s ]
INFO: [ view_filter ] --START--
INFO: Run Behavior\WriteHtmlCacheBehavior [ RunTime:0.000000s ]
INFO: [ view_filter ] --END-- [ RunTime:0.000000s ]
INFO: [ app_end ] --START--
INFO: Run Behavior\ShowPageTraceBehavior [ RunTime:0.000000s ]
INFO: [ app_end ] --END-- [ RunTime:0.000000s ]

