[ 2016-05-06T00:30:45+08:00 ] 127.0.0.1 /carshop/index.php/Admin/Cate/lst
INFO: [ app_init ] --START--
INFO: Run Behavior\BuildLiteBehavior [ RunTime:0.000000s ]
INFO: [ app_init ] --END-- [ RunTime:0.000000s ]
INFO: [ app_begin ] --START--
INFO: Run Behavior\ReadHtmlCacheBehavior [ RunTime:0.000000s ]
INFO: [ app_begin ] --END-- [ RunTime:0.000000s ]
NOTIC: [8] Use of undefined constant unique - assumed 'unique' F:\phpStudy\WWW\carshop\ThinkPHP\Common\functions.php 第 588 行.
SQL: SHOW COLUMNS FROM `cs_cate` [ RunTime:0.0090s ]
SQL: SELECT * FROM `cs_cate` ORDER BY sort asc  [ RunTime:0.0000s ]
INFO: [ view_parse ] --START--
INFO: [ template_filter ] --START--
INFO: Run Behavior\ContentReplaceBehavior [ RunTime:0.000000s ]
INFO: [ template_filter ] --END-- [ RunTime:0.000000s ]
INFO: Run Behavior\ParseTemplateBehavior [ RunTime:0.008001s ]
INFO: [ view_parse ] --END-- [ RunTime:0.008001s ]
INFO: [ view_filter ] --START--
INFO: Run Behavior\WriteHtmlCacheBehavior [ RunTime:0.000000s ]
INFO: [ view_filter ] --END-- [ RunTime:0.000000s ]
INFO: [ app_end ] --START--
INFO: Run Behavior\ShowPageTraceBehavior [ RunTime:0.001000s ]
INFO: [ app_end ] --END-- [ RunTime:0.001000s ]

[ 2016-05-06T00:33:22+08:00 ] 127.0.0.1 /carshop/index.php/Admin/Article/lst
INFO: [ app_init ] --START--
INFO: Run Behavior\BuildLiteBehavior [ RunTime:0.000000s ]
INFO: [ app_init ] --END-- [ RunTime:0.000000s ]
INFO: [ app_begin ] --START--
INFO: Run Behavior\ReadHtmlCacheBehavior [ RunTime:0.000000s ]
INFO: [ app_begin ] --END-- [ RunTime:0.000000s ]
SQL: SHOW COLUMNS FROM `cs_article` [ RunTime:0.0270s ]
SQL: SHOW COLUMNS FROM `cs_cate` [ RunTime:0.0120s ]
NOTIC: [2] Invalid argument supplied for foreach() F:\phpStudy\WWW\carshop\ThinkPHP\Library\Think\Db\Driver.class.php 第 504 行.
SQL: SELECT COUNT(*) AS tp_count FROM cs_article article LEFT JOIN cs_cate cate ON article.cateid=cate.id LIMIT 1   [ RunTime:0.0010s ]
NOTIC: [2] Invalid argument supplied for foreach() F:\phpStudy\WWW\carshop\ThinkPHP\Library\Think\Db\Driver.class.php 第 504 行.
SQL: SELECT article.id AS id,article.title AS title,article.rem AS rem,article.pic AS pic,cate.name AS name FROM cs_article article LEFT JOIN cs_cate cate ON article.cateid=cate.id ORDER BY article.id desc LIMIT 0,3   [ RunTime:0.0000s ]
NOTIC: [8] Use of undefined constant unique - assumed 'unique' F:\phpStudy\WWW\carshop\ThinkPHP\Common\functions.php 第 588 行.
SQL: SHOW COLUMNS FROM `cs_cate` [ RunTime:0.0120s ]
SQL: SELECT * FROM `cs_cate` ORDER BY sort asc  [ RunTime:0.0010s ]
INFO: [ view_parse ] --START--
INFO: [ template_filter ] --START--
INFO: Run Behavior\ContentReplaceBehavior [ RunTime:0.000000s ]
INFO: [ template_filter ] --END-- [ RunTime:0.000000s ]
INFO: Run Behavior\ParseTemplateBehavior [ RunTime:0.009001s ]
INFO: [ view_parse ] --END-- [ RunTime:0.010001s ]
INFO: [ view_filter ] --START--
INFO: Run Behavior\WriteHtmlCacheBehavior [ RunTime:0.001000s ]
INFO: [ view_filter ] --END-- [ RunTime:0.001000s ]
INFO: [ app_end ] --START--
INFO: Run Behavior\ShowPageTraceBehavior [ RunTime:0.004000s ]
INFO: [ app_end ] --END-- [ RunTime:0.004000s ]

[ 2016-05-06T00:33:25+08:00 ] 127.0.0.1 /carshop/index.php/Admin/Article/lst/p/2.html
INFO: [ app_init ] --START--
INFO: Run Behavior\BuildLiteBehavior [ RunTime:0.001000s ]
INFO: [ app_init ] --END-- [ RunTime:0.001000s ]
INFO: [ app_begin ] --START--
INFO: Run Behavior\ReadHtmlCacheBehavior [ RunTime:0.001000s ]
INFO: [ app_begin ] --END-- [ RunTime:0.001000s ]
SQL: SHOW COLUMNS FROM `cs_article` [ RunTime:0.0240s ]
SQL: SHOW COLUMNS FROM `cs_cate` [ RunTime:0.0160s ]
NOTIC: [2] Invalid argument supplied for foreach() F:\phpStudy\WWW\carshop\ThinkPHP\Library\Think\Db\Driver.class.php 第 504 行.
SQL: SELECT COUNT(*) AS tp_count FROM cs_article article LEFT JOIN cs_cate cate ON article.cateid=cate.id LIMIT 1   [ RunTime:0.0000s ]
NOTIC: [2] Invalid argument supplied for foreach() F:\phpStudy\WWW\carshop\ThinkPHP\Library\Think\Db\Driver.class.php 第 504 行.
SQL: SELECT article.id AS id,article.title AS title,article.rem AS rem,article.pic AS pic,cate.name AS name FROM cs_article article LEFT JOIN cs_cate cate ON article.cateid=cate.id ORDER BY article.id desc LIMIT 3,3   [ RunTime:0.0010s ]
NOTIC: [8] Use of undefined constant unique - assumed 'unique' F:\phpStudy\WWW\carshop\ThinkPHP\Common\functions.php 第 588 行.
SQL: SHOW COLUMNS FROM `cs_cate` [ RunTime:0.0080s ]
SQL: SELECT * FROM `cs_cate` ORDER BY sort asc  [ RunTime:0.0010s ]
INFO: [ view_parse ] --START--
INFO: [ template_filter ] --START--
INFO: Run Behavior\ContentReplaceBehavior [ RunTime:0.000000s ]
INFO: [ template_filter ] --END-- [ RunTime:0.000000s ]
INFO: Run Behavior\ParseTemplateBehavior [ RunTime:0.009000s ]
INFO: [ view_parse ] --END-- [ RunTime:0.009000s ]
INFO: [ view_filter ] --START--
INFO: Run Behavior\WriteHtmlCacheBehavior [ RunTime:0.000000s ]
INFO: [ view_filter ] --END-- [ RunTime:0.000000s ]
INFO: [ app_end ] --START--
INFO: Run Behavior\ShowPageTraceBehavior [ RunTime:0.001000s ]
INFO: [ app_end ] --END-- [ RunTime:0.001000s ]

[ 2016-05-06T13:02:10+08:00 ] 127.0.0.1 /carshop/index.php/admin
INFO: [ app_init ] --START--
INFO: Run Behavior\BuildLiteBehavior [ RunTime:0.000000s ]
INFO: [ app_init ] --END-- [ RunTime:0.000000s ]
INFO: [ app_begin ] --START--
INFO: Run Behavior\ReadHtmlCacheBehavior [ RunTime:0.000000s ]
INFO: [ app_begin ] --END-- [ RunTime:0.000000s ]
INFO: [ view_parse ] --START--
INFO: [ template_filter ] --START--
INFO: Run Behavior\ContentReplaceBehavior [ RunTime:0.000000s ]
INFO: [ template_filter ] --END-- [ RunTime:0.000000s ]
INFO: Run Behavior\ParseTemplateBehavior [ RunTime:0.012000s ]
INFO: [ view_parse ] --END-- [ RunTime:0.012000s ]
INFO: [ view_filter ] --START--
INFO: Run Behavior\WriteHtmlCacheBehavior [ RunTime:0.001000s ]
INFO: [ view_filter ] --END-- [ RunTime:0.001000s ]

[ 2016-05-06T13:02:13+08:00 ] 127.0.0.1 /carshop/index.php/Admin/Login/index.html
INFO: [ app_init ] --START--
INFO: Run Behavior\BuildLiteBehavior [ RunTime:0.000000s ]
INFO: [ app_init ] --END-- [ RunTime:0.001000s ]
INFO: [ app_begin ] --START--
INFO: Run Behavior\ReadHtmlCacheBehavior [ RunTime:0.001000s ]
INFO: [ app_begin ] --END-- [ RunTime:0.001000s ]
INFO: [ view_parse ] --START--
INFO: [ template_filter ] --START--
INFO: Run Behavior\ContentReplaceBehavior [ RunTime:0.000000s ]
INFO: [ template_filter ] --END-- [ RunTime:0.000000s ]
INFO: Run Behavior\ParseTemplateBehavior [ RunTime:0.030002s ]
INFO: [ view_parse ] --END-- [ RunTime:0.030002s ]
INFO: [ view_filter ] --START--
INFO: Run Behavior\WriteHtmlCacheBehavior [ RunTime:0.000000s ]
INFO: [ view_filter ] --END-- [ RunTime:0.000000s ]
INFO: [ app_end ] --START--
INFO: Run Behavior\ShowPageTraceBehavior [ RunTime:0.000000s ]
INFO: [ app_end ] --END-- [ RunTime:0.001000s ]

[ 2016-05-06T13:02:13+08:00 ] 127.0.0.1 /carshop/index.php/Admin/Login/verify
INFO: [ app_init ] --START--
INFO: Run Behavior\BuildLiteBehavior [ RunTime:0.000000s ]
INFO: [ app_init ] --END-- [ RunTime:0.000000s ]
INFO: [ app_begin ] --START--
INFO: Run Behavior\ReadHtmlCacheBehavior [ RunTime:0.000000s ]
INFO: [ app_begin ] --END-- [ RunTime:0.000000s ]
INFO: [ app_end ] --START--
INFO: Run Behavior\ShowPageTraceBehavior [ RunTime:0.001000s ]
INFO: [ app_end ] --END-- [ RunTime:0.001000s ]

[ 2016-05-06T13:02:22+08:00 ] 127.0.0.1 /carshop/index.php/Admin/Login/index.html
INFO: [ app_init ] --START--
INFO: Run Behavior\BuildLiteBehavior [ RunTime:0.000000s ]
INFO: [ app_init ] --END-- [ RunTime:0.001000s ]
INFO: [ app_begin ] --START--
INFO: Run Behavior\ReadHtmlCacheBehavior [ RunTime:0.000000s ]
INFO: [ app_begin ] --END-- [ RunTime:0.000000s ]
NOTIC: [8] Use of undefined constant unique - assumed 'unique' F:\phpStudy\WWW\carshop\ThinkPHP\Common\functions.php 第 588 行.
NOTIC: [8] Use of undefined constant unique - assumed 'unique' F:\phpStudy\WWW\carshop\ThinkPHP\Common\functions.php 第 588 行.
SQL: SHOW COLUMNS FROM `cs_admin` [ RunTime:0.0810s ]
NOTIC: [8] Undefined index: validate F:\phpStudy\WWW\carshop\ThinkPHP\Library\Think\Model.class.php 第 1185 行.
INFO: [ view_parse ] --START--
INFO: [ template_filter ] --START--
INFO: Run Behavior\ContentReplaceBehavior [ RunTime:0.001000s ]
INFO: [ template_filter ] --END-- [ RunTime:0.001000s ]
INFO: Run Behavior\ParseTemplateBehavior [ RunTime:0.011000s ]
INFO: [ view_parse ] --END-- [ RunTime:0.011000s ]
INFO: [ view_filter ] --START--
INFO: Run Behavior\WriteHtmlCacheBehavior [ RunTime:0.000000s ]
INFO: [ view_filter ] --END-- [ RunTime:0.000000s ]

[ 2016-05-06T13:02:25+08:00 ] 127.0.0.1 /carshop/index.php/Admin/Login/index.html
INFO: [ app_init ] --START--
INFO: Run Behavior\BuildLiteBehavior [ RunTime:0.000000s ]
INFO: [ app_init ] --END-- [ RunTime:0.000000s ]
INFO: [ app_begin ] --START--
INFO: Run Behavior\ReadHtmlCacheBehavior [ RunTime:0.001000s ]
INFO: [ app_begin ] --END-- [ RunTime:0.001000s ]
INFO: [ view_parse ] --START--
INFO: [ template_filter ] --START--
INFO: Run Behavior\ContentReplaceBehavior [ RunTime:0.000000s ]
INFO: [ template_filter ] --END-- [ RunTime:0.000000s ]
INFO: Run Behavior\ParseTemplateBehavior [ RunTime:0.005000s ]
INFO: [ view_parse ] --END-- [ RunTime:0.005000s ]
INFO: [ view_filter ] --START--
INFO: Run Behavior\WriteHtmlCacheBehavior [ RunTime:0.000000s ]
INFO: [ view_filter ] --END-- [ RunTime:0.000000s ]
INFO: [ app_end ] --START--
INFO: Run Behavior\ShowPageTraceBehavior [ RunTime:0.001000s ]
INFO: [ app_end ] --END-- [ RunTime:0.001000s ]

[ 2016-05-06T13:02:25+08:00 ] 127.0.0.1 /carshop/index.php/Admin/Login/verify
INFO: [ app_init ] --START--
INFO: Run Behavior\BuildLiteBehavior [ RunTime:0.000000s ]
INFO: [ app_init ] --END-- [ RunTime:0.000000s ]
INFO: [ app_begin ] --START--
INFO: Run Behavior\ReadHtmlCacheBehavior [ RunTime:0.000000s ]
INFO: [ app_begin ] --END-- [ RunTime:0.001000s ]
INFO: [ app_end ] --START--
INFO: Run Behavior\ShowPageTraceBehavior [ RunTime:0.001001s ]
INFO: [ app_end ] --END-- [ RunTime:0.001001s ]

[ 2016-05-06T13:02:27+08:00 ] 127.0.0.1 /carshop/index.php/Admin/Login/verify/0.014831615251728048
INFO: [ app_init ] --START--
INFO: Run Behavior\BuildLiteBehavior [ RunTime:0.001000s ]
INFO: [ app_init ] --END-- [ RunTime:0.001000s ]
INFO: [ app_begin ] --START--
INFO: Run Behavior\ReadHtmlCacheBehavior [ RunTime:0.001000s ]
INFO: [ app_begin ] --END-- [ RunTime:0.001000s ]
INFO: [ app_end ] --START--
INFO: Run Behavior\ShowPageTraceBehavior [ RunTime:0.001000s ]
INFO: [ app_end ] --END-- [ RunTime:0.001000s ]

[ 2016-05-06T13:02:36+08:00 ] 127.0.0.1 /carshop/index.php/Admin/Login/index.html
INFO: [ app_init ] --START--
INFO: Run Behavior\BuildLiteBehavior [ RunTime:0.000000s ]
INFO: [ app_init ] --END-- [ RunTime:0.001000s ]
INFO: [ app_begin ] --START--
INFO: Run Behavior\ReadHtmlCacheBehavior [ RunTime:0.000000s ]
INFO: [ app_begin ] --END-- [ RunTime:0.001000s ]
NOTIC: [8] Use of undefined constant unique - assumed 'unique' F:\phpStudy\WWW\carshop\ThinkPHP\Common\functions.php 第 588 行.
NOTIC: [8] Use of undefined constant unique - assumed 'unique' F:\phpStudy\WWW\carshop\ThinkPHP\Common\functions.php 第 588 行.
SQL: SHOW COLUMNS FROM `cs_admin` [ RunTime:0.0160s ]
NOTIC: [8] Undefined index: validate F:\phpStudy\WWW\carshop\ThinkPHP\Library\Think\Model.class.php 第 1185 行.
NOTIC: [8] Undefined index: auto F:\phpStudy\WWW\carshop\ThinkPHP\Library\Think\Model.class.php 第 1128 行.
SQL: SELECT * FROM `cs_admin` WHERE ( username='admin' ) LIMIT 1   [ RunTime:0.0010s ]
NOTIC: [8] Undefined variable: roles F:\phpStudy\WWW\carshop\Application\Admin\Model\AdminModel.class.php 第 61 行.
NOTIC: [8] Use of undefined constant unique - assumed 'unique' F:\phpStudy\WWW\carshop\ThinkPHP\Common\functions.php 第 588 行.
SQL: SHOW COLUMNS FROM `cs_role` [ RunTime:0.0630s ]
NOTIC: [8] Use of undefined constant unique - assumed 'unique' F:\phpStudy\WWW\carshop\ThinkPHP\Common\functions.php 第 588 行.
SQL: SHOW COLUMNS FROM `cs_privilege` [ RunTime:0.0330s ]
SQL: SELECT `rolename`,`pri_id_list` FROM `cs_role` WHERE `id` = 1 LIMIT 1   [ RunTime:0.0000s ]
SQL: SELECT * FROM `cs_privilege` WHERE ( parentid=0 )  [ RunTime:0.0040s ]
SQL: SELECT * FROM `cs_privilege` WHERE ( parentid=17 )  [ RunTime:0.0000s ]
SQL: SELECT * FROM `cs_privilege` WHERE ( parentid=30 )  [ RunTime:0.0000s ]
INFO: [ view_parse ] --START--
INFO: [ template_filter ] --START--
INFO: Run Behavior\ContentReplaceBehavior [ RunTime:0.001000s ]
INFO: [ template_filter ] --END-- [ RunTime:0.001000s ]
INFO: Run Behavior\ParseTemplateBehavior [ RunTime:0.007000s ]
INFO: [ view_parse ] --END-- [ RunTime:0.008000s ]
INFO: [ view_filter ] --START--
INFO: Run Behavior\WriteHtmlCacheBehavior [ RunTime:0.000000s ]
INFO: [ view_filter ] --END-- [ RunTime:0.000000s ]
INFO: [ app_end ] --START--
INFO: Run Behavior\ShowPageTraceBehavior [ RunTime:0.000000s ]
INFO: [ app_end ] --END-- [ RunTime:0.000000s ]

[ 2016-05-06T13:02:37+08:00 ] 127.0.0.1 /carshop/index.php/Admin/index/index.html
INFO: [ app_init ] --START--
INFO: Run Behavior\BuildLiteBehavior [ RunTime:0.000000s ]
INFO: [ app_init ] --END-- [ RunTime:0.000000s ]
INFO: [ app_begin ] --START--
INFO: Run Behavior\ReadHtmlCacheBehavior [ RunTime:0.001000s ]
INFO: [ app_begin ] --END-- [ RunTime:0.001000s ]
INFO: [ view_parse ] --START--
INFO: [ template_filter ] --START--
INFO: Run Behavior\ContentReplaceBehavior [ RunTime:0.000000s ]
INFO: [ template_filter ] --END-- [ RunTime:0.000000s ]
INFO: Run Behavior\ParseTemplateBehavior [ RunTime:0.037002s ]
INFO: [ view_parse ] --END-- [ RunTime:0.038002s ]
INFO: [ view_filter ] --START--
INFO: Run Behavior\WriteHtmlCacheBehavior [ RunTime:0.000000s ]
INFO: [ view_filter ] --END-- [ RunTime:0.000000s ]
INFO: [ app_end ] --START--
INFO: Run Behavior\ShowPageTraceBehavior [ RunTime:0.001000s ]
INFO: [ app_end ] --END-- [ RunTime:0.001000s ]

[ 2016-05-06T13:02:40+08:00 ] 127.0.0.1 /carshop/index.php/Admin/Cate/lst
INFO: [ app_init ] --START--
INFO: Run Behavior\BuildLiteBehavior [ RunTime:0.000000s ]
INFO: [ app_init ] --END-- [ RunTime:0.000000s ]
INFO: [ app_begin ] --START--
INFO: Run Behavior\ReadHtmlCacheBehavior [ RunTime:0.001000s ]
INFO: [ app_begin ] --END-- [ RunTime:0.001000s ]
NOTIC: [8] Use of undefined constant unique - assumed 'unique' F:\phpStudy\WWW\carshop\ThinkPHP\Common\functions.php 第 588 行.
SQL: SHOW COLUMNS FROM `cs_cate` [ RunTime:0.0270s ]
SQL: SELECT * FROM `cs_cate` ORDER BY sort asc  [ RunTime:0.0010s ]
INFO: [ view_parse ] --START--
INFO: [ template_filter ] --START--
INFO: Run Behavior\ContentReplaceBehavior [ RunTime:0.000000s ]
INFO: [ template_filter ] --END-- [ RunTime:0.000000s ]
INFO: Run Behavior\ParseTemplateBehavior [ RunTime:0.026001s ]
INFO: [ view_parse ] --END-- [ RunTime:0.026001s ]
INFO: [ view_filter ] --START--
INFO: Run Behavior\WriteHtmlCacheBehavior [ RunTime:0.000000s ]
INFO: [ view_filter ] --END-- [ RunTime:0.000000s ]
INFO: [ app_end ] --START--
INFO: Run Behavior\ShowPageTraceBehavior [ RunTime:0.001000s ]
INFO: [ app_end ] --END-- [ RunTime:0.001000s ]

[ 2016-05-06T13:02:46+08:00 ] 127.0.0.1 /carshop/index.php/Admin/Article/lst
INFO: [ app_init ] --START--
INFO: Run Behavior\BuildLiteBehavior [ RunTime:0.000000s ]
INFO: [ app_init ] --END-- [ RunTime:0.000000s ]
INFO: [ app_begin ] --START--
INFO: Run Behavior\ReadHtmlCacheBehavior [ RunTime:0.001000s ]
INFO: [ app_begin ] --END-- [ RunTime:0.001000s ]
SQL: SHOW COLUMNS FROM `cs_article` [ RunTime:0.0250s ]
SQL: SHOW COLUMNS FROM `cs_cate` [ RunTime:0.0130s ]
NOTIC: [2] Invalid argument supplied for foreach() F:\phpStudy\WWW\carshop\ThinkPHP\Library\Think\Db\Driver.class.php 第 504 行.
SQL: SELECT COUNT(*) AS tp_count FROM cs_article article LEFT JOIN cs_cate cate ON article.cateid=cate.id LIMIT 1   [ RunTime:0.0010s ]
NOTIC: [2] Invalid argument supplied for foreach() F:\phpStudy\WWW\carshop\ThinkPHP\Library\Think\Db\Driver.class.php 第 504 行.
SQL: SELECT article.id AS id,article.title AS title,article.rem AS rem,article.pic AS pic,cate.name AS name FROM cs_article article LEFT JOIN cs_cate cate ON article.cateid=cate.id ORDER BY article.id desc LIMIT 0,3   [ RunTime:0.0000s ]
NOTIC: [8] Use of undefined constant unique - assumed 'unique' F:\phpStudy\WWW\carshop\ThinkPHP\Common\functions.php 第 588 行.
SQL: SHOW COLUMNS FROM `cs_cate` [ RunTime:0.0070s ]
SQL: SELECT * FROM `cs_cate` ORDER BY sort asc  [ RunTime:0.0010s ]
INFO: [ view_parse ] --START--
INFO: [ template_filter ] --START--
INFO: Run Behavior\ContentReplaceBehavior [ RunTime:0.000000s ]
INFO: [ template_filter ] --END-- [ RunTime:0.000000s ]
INFO: Run Behavior\ParseTemplateBehavior [ RunTime:0.021001s ]
INFO: [ view_parse ] --END-- [ RunTime:0.021001s ]
INFO: [ view_filter ] --START--
INFO: Run Behavior\WriteHtmlCacheBehavior [ RunTime:0.001000s ]
INFO: [ view_filter ] --END-- [ RunTime:0.001000s ]
INFO: [ app_end ] --START--
INFO: Run Behavior\ShowPageTraceBehavior [ RunTime:0.000000s ]
INFO: [ app_end ] --END-- [ RunTime:0.000000s ]

[ 2016-05-06T13:03:57+08:00 ] 127.0.0.1 /carshop/index.php/Admin/Article/add
INFO: [ app_init ] --START--
INFO: Run Behavior\BuildLiteBehavior [ RunTime:0.000000s ]
INFO: [ app_init ] --END-- [ RunTime:0.001000s ]
INFO: [ app_begin ] --START--
INFO: Run Behavior\ReadHtmlCacheBehavior [ RunTime:0.001000s ]
INFO: [ app_begin ] --END-- [ RunTime:0.001000s ]
NOTIC: [8] Use of undefined constant unique - assumed 'unique' F:\phpStudy\WWW\carshop\ThinkPHP\Common\functions.php 第 588 行.
SQL: SHOW COLUMNS FROM `cs_article` [ RunTime:0.0100s ]
NOTIC: [8] Use of undefined constant unique - assumed 'unique' F:\phpStudy\WWW\carshop\ThinkPHP\Common\functions.php 第 588 行.
SQL: SHOW COLUMNS FROM `cs_cate` [ RunTime:0.0170s ]
SQL: SELECT * FROM `cs_cate` ORDER BY sort asc  [ RunTime:0.0020s ]
INFO: [ view_parse ] --START--
INFO: [ template_filter ] --START--
INFO: Run Behavior\ContentReplaceBehavior [ RunTime:0.000000s ]
INFO: [ template_filter ] --END-- [ RunTime:0.000000s ]
INFO: Run Behavior\ParseTemplateBehavior [ RunTime:0.030001s ]
INFO: [ view_parse ] --END-- [ RunTime:0.030001s ]
INFO: [ view_filter ] --START--
INFO: Run Behavior\WriteHtmlCacheBehavior [ RunTime:0.000000s ]
INFO: [ view_filter ] --END-- [ RunTime:0.000000s ]
INFO: [ app_end ] --START--
INFO: Run Behavior\ShowPageTraceBehavior [ RunTime:0.000000s ]
INFO: [ app_end ] --END-- [ RunTime:0.000000s ]

[ 2016-05-06T13:04:25+08:00 ] 127.0.0.1 /carshop/index.php/Admin/Article/add
INFO: [ app_init ] --START--
INFO: Run Behavior\BuildLiteBehavior [ RunTime:0.000000s ]
INFO: [ app_init ] --END-- [ RunTime:0.000000s ]
INFO: [ app_begin ] --START--
INFO: Run Behavior\ReadHtmlCacheBehavior [ RunTime:0.000000s ]
INFO: [ app_begin ] --END-- [ RunTime:0.000000s ]
NOTIC: [8] Use of undefined constant unique - assumed 'unique' F:\phpStudy\WWW\carshop\ThinkPHP\Common\functions.php 第 588 行.
SQL: SHOW COLUMNS FROM `cs_article` [ RunTime:0.0210s ]
NOTIC: [2] call_user_func() expects parameter 1 to be a valid callback, no array or string given F:\phpStudy\WWW\carshop\ThinkPHP\Library\Think\Upload.class.php 第 170 行.
NOTIC: [8] Undefined index: validate F:\phpStudy\WWW\carshop\ThinkPHP\Library\Think\Model.class.php 第 1185 行.
SQL: SELECT * FROM `cs_article` WHERE `title` = '车辆展示1' LIMIT 1   [ RunTime:0.0010s ]
NOTIC: [8] Undefined index: auto F:\phpStudy\WWW\carshop\ThinkPHP\Library\Think\Model.class.php 第 1128 行.
SQL: INSERT INTO `cs_article` (`title`,`rizu`,`num`,`atype`,`author`,`cateid`,`content`,`keywords`,`des`,`rem`,`time`,`pic`) VALUES ('车辆展示1','0','','0','','93','&lt;p&gt;车辆展示1车辆展示1车辆展示1车辆展示1车辆展示1&lt;/p&gt;','','','0','1462511065','./Public/Uploads/2016-05-06/572c25d96f7d4.png') [ RunTime:0.0010s ]
INFO: [ view_parse ] --START--
INFO: [ template_filter ] --START--
INFO: Run Behavior\ContentReplaceBehavior [ RunTime:0.000000s ]
INFO: [ template_filter ] --END-- [ RunTime:0.000000s ]
INFO: Run Behavior\ParseTemplateBehavior [ RunTime:0.015001s ]
INFO: [ view_parse ] --END-- [ RunTime:0.015001s ]
INFO: [ view_filter ] --START--
INFO: Run Behavior\WriteHtmlCacheBehavior [ RunTime:0.001000s ]
INFO: [ view_filter ] --END-- [ RunTime:0.001000s ]
INFO: [ app_end ] --START--
INFO: Run Behavior\ShowPageTraceBehavior [ RunTime:0.002000s ]
INFO: [ app_end ] --END-- [ RunTime:0.002000s ]

[ 2016-05-06T13:04:27+08:00 ] 127.0.0.1 /carshop/index.php/Admin/Article/lst.html
INFO: [ app_init ] --START--
INFO: Run Behavior\BuildLiteBehavior [ RunTime:0.000000s ]
INFO: [ app_init ] --END-- [ RunTime:0.000000s ]
INFO: [ app_begin ] --START--
INFO: Run Behavior\ReadHtmlCacheBehavior [ RunTime:0.000000s ]
INFO: [ app_begin ] --END-- [ RunTime:0.000000s ]
SQL: SHOW COLUMNS FROM `cs_article` [ RunTime:0.0260s ]
SQL: SHOW COLUMNS FROM `cs_cate` [ RunTime:0.0180s ]
NOTIC: [2] Invalid argument supplied for foreach() F:\phpStudy\WWW\carshop\ThinkPHP\Library\Think\Db\Driver.class.php 第 504 行.
SQL: SELECT COUNT(*) AS tp_count FROM cs_article article LEFT JOIN cs_cate cate ON article.cateid=cate.id LIMIT 1   [ RunTime:0.0010s ]
NOTIC: [2] Invalid argument supplied for foreach() F:\phpStudy\WWW\carshop\ThinkPHP\Library\Think\Db\Driver.class.php 第 504 行.
SQL: SELECT article.id AS id,article.title AS title,article.rem AS rem,article.pic AS pic,cate.name AS name FROM cs_article article LEFT JOIN cs_cate cate ON article.cateid=cate.id ORDER BY article.id desc LIMIT 0,3   [ RunTime:0.0010s ]
NOTIC: [8] Use of undefined constant unique - assumed 'unique' F:\phpStudy\WWW\carshop\ThinkPHP\Common\functions.php 第 588 行.
SQL: SHOW COLUMNS FROM `cs_cate` [ RunTime:0.0100s ]
SQL: SELECT * FROM `cs_cate` ORDER BY sort asc  [ RunTime:0.0000s ]
INFO: [ view_parse ] --START--
INFO: [ template_filter ] --START--
INFO: Run Behavior\ContentReplaceBehavior [ RunTime:0.000000s ]
INFO: [ template_filter ] --END-- [ RunTime:0.000000s ]
INFO: Run Behavior\ParseTemplateBehavior [ RunTime:0.011000s ]
INFO: [ view_parse ] --END-- [ RunTime:0.011000s ]
INFO: [ view_filter ] --START--
INFO: Run Behavior\WriteHtmlCacheBehavior [ RunTime:0.000000s ]
INFO: [ view_filter ] --END-- [ RunTime:0.000000s ]
INFO: [ app_end ] --START--
INFO: Run Behavior\ShowPageTraceBehavior [ RunTime:0.001000s ]
INFO: [ app_end ] --END-- [ RunTime:0.001000s ]

[ 2016-05-06T13:04:33+08:00 ] 127.0.0.1 /carshop/index.php/Admin/Article/edit/id/31
INFO: [ app_init ] --START--
INFO: Run Behavior\BuildLiteBehavior [ RunTime:0.000000s ]
INFO: [ app_init ] --END-- [ RunTime:0.001000s ]
INFO: [ app_begin ] --START--
INFO: Run Behavior\ReadHtmlCacheBehavior [ RunTime:0.001001s ]
INFO: [ app_begin ] --END-- [ RunTime:0.001001s ]
NOTIC: [8] Use of undefined constant unique - assumed 'unique' F:\phpStudy\WWW\carshop\ThinkPHP\Common\functions.php 第 588 行.
SQL: SHOW COLUMNS FROM `cs_article` [ RunTime:0.0130s ]
SQL: SELECT * FROM `cs_article` WHERE `id` = 31 LIMIT 1   [ RunTime:0.0000s ]
NOTIC: [8] Use of undefined constant unique - assumed 'unique' F:\phpStudy\WWW\carshop\ThinkPHP\Common\functions.php 第 588 行.
SQL: SHOW COLUMNS FROM `cs_cate` [ RunTime:0.0060s ]
SQL: SELECT * FROM `cs_cate` ORDER BY sort asc  [ RunTime:0.0010s ]
INFO: [ view_parse ] --START--
INFO: [ template_filter ] --START--
INFO: Run Behavior\ContentReplaceBehavior [ RunTime:0.000000s ]
INFO: [ template_filter ] --END-- [ RunTime:0.000000s ]
INFO: Run Behavior\ParseTemplateBehavior [ RunTime:0.027001s ]
INFO: [ view_parse ] --END-- [ RunTime:0.027001s ]
INFO: [ view_filter ] --START--
INFO: Run Behavior\WriteHtmlCacheBehavior [ RunTime:0.001001s ]
INFO: [ view_filter ] --END-- [ RunTime:0.001001s ]
INFO: [ app_end ] --START--
INFO: Run Behavior\ShowPageTraceBehavior [ RunTime:0.000000s ]
INFO: [ app_end ] --END-- [ RunTime:0.001000s ]

[ 2016-05-06T13:04:50+08:00 ] 127.0.0.1 /carshop/index.php/Admin/Article/edit/id/31
INFO: [ app_init ] --START--
INFO: Run Behavior\BuildLiteBehavior [ RunTime:0.000000s ]
INFO: [ app_init ] --END-- [ RunTime:0.000000s ]
INFO: [ app_begin ] --START--
INFO: Run Behavior\ReadHtmlCacheBehavior [ RunTime:0.001000s ]
INFO: [ app_begin ] --END-- [ RunTime:0.001000s ]
NOTIC: [8] Use of undefined constant unique - assumed 'unique' F:\phpStudy\WWW\carshop\ThinkPHP\Common\functions.php 第 588 行.
SQL: SHOW COLUMNS FROM `cs_article` [ RunTime:0.0130s ]
NOTIC: [2] call_user_func() expects parameter 1 to be a valid callback, no array or string given F:\phpStudy\WWW\carshop\ThinkPHP\Library\Think\Upload.class.php 第 170 行.
NOTIC: [8] Undefined index: validate F:\phpStudy\WWW\carshop\ThinkPHP\Library\Think\Model.class.php 第 1185 行.
NOTIC: [8] Undefined index: auto F:\phpStudy\WWW\carshop\ThinkPHP\Library\Think\Model.class.php 第 1128 行.
SQL: UPDATE `cs_article` SET `title`='车辆展示1',`rizu`='0',`num`='',`atype`='0',`author`='',`cateid`='93',`content`='&lt;p&gt;车辆展示1车辆展示1车辆展示1车辆展示1车辆展示1&lt;/p&gt;',`keywords`='',`des`='',`rem`='0',`time`='1462511090',`pic`='./Public/Uploads/2016-05-06/572c25f280ede.jpg' WHERE `id` = 31 [ RunTime:0.0010s ]
INFO: [ view_parse ] --START--
INFO: [ template_filter ] --START--
INFO: Run Behavior\ContentReplaceBehavior [ RunTime:0.000000s ]
INFO: [ template_filter ] --END-- [ RunTime:0.000000s ]
INFO: Run Behavior\ParseTemplateBehavior [ RunTime:0.009001s ]
INFO: [ view_parse ] --END-- [ RunTime:0.009001s ]
INFO: [ view_filter ] --START--
INFO: Run Behavior\WriteHtmlCacheBehavior [ RunTime:0.000000s ]
INFO: [ view_filter ] --END-- [ RunTime:0.000000s ]
INFO: [ app_end ] --START--
INFO: Run Behavior\ShowPageTraceBehavior [ RunTime:0.001000s ]
INFO: [ app_end ] --END-- [ RunTime:0.001000s ]

[ 2016-05-06T13:04:52+08:00 ] 127.0.0.1 /carshop/index.php/Admin/Article/lst.html
INFO: [ app_init ] --START--
INFO: Run Behavior\BuildLiteBehavior [ RunTime:0.000000s ]
INFO: [ app_init ] --END-- [ RunTime:0.000000s ]
INFO: [ app_begin ] --START--
INFO: Run Behavior\ReadHtmlCacheBehavior [ RunTime:0.000000s ]
INFO: [ app_begin ] --END-- [ RunTime:0.000000s ]
SQL: SHOW COLUMNS FROM `cs_article` [ RunTime:0.0250s ]
SQL: SHOW COLUMNS FROM `cs_cate` [ RunTime:0.0160s ]
NOTIC: [2] Invalid argument supplied for foreach() F:\phpStudy\WWW\carshop\ThinkPHP\Library\Think\Db\Driver.class.php 第 504 行.
SQL: SELECT COUNT(*) AS tp_count FROM cs_article article LEFT JOIN cs_cate cate ON article.cateid=cate.id LIMIT 1   [ RunTime:0.0000s ]
NOTIC: [2] Invalid argument supplied for foreach() F:\phpStudy\WWW\carshop\ThinkPHP\Library\Think\Db\Driver.class.php 第 504 行.
SQL: SELECT article.id AS id,article.title AS title,article.rem AS rem,article.pic AS pic,cate.name AS name FROM cs_article article LEFT JOIN cs_cate cate ON article.cateid=cate.id ORDER BY article.id desc LIMIT 0,3   [ RunTime:0.0010s ]
NOTIC: [8] Use of undefined constant unique - assumed 'unique' F:\phpStudy\WWW\carshop\ThinkPHP\Common\functions.php 第 588 行.
SQL: SHOW COLUMNS FROM `cs_cate` [ RunTime:0.0120s ]
SQL: SELECT * FROM `cs_cate` ORDER BY sort asc  [ RunTime:0.0010s ]
INFO: [ view_parse ] --START--
INFO: [ template_filter ] --START--
INFO: Run Behavior\ContentReplaceBehavior [ RunTime:0.000000s ]
INFO: [ template_filter ] --END-- [ RunTime:0.000000s ]
INFO: Run Behavior\ParseTemplateBehavior [ RunTime:0.009000s ]
INFO: [ view_parse ] --END-- [ RunTime:0.009000s ]
INFO: [ view_filter ] --START--
INFO: Run Behavior\WriteHtmlCacheBehavior [ RunTime:0.000000s ]
INFO: [ view_filter ] --END-- [ RunTime:0.000000s ]
INFO: [ app_end ] --START--
INFO: Run Behavior\ShowPageTraceBehavior [ RunTime:0.009001s ]
INFO: [ app_end ] --END-- [ RunTime:0.009001s ]

[ 2016-05-06T13:04:56+08:00 ] 127.0.0.1 /carshop/index.php/Admin/Article/add
INFO: [ app_init ] --START--
INFO: Run Behavior\BuildLiteBehavior [ RunTime:0.000000s ]
INFO: [ app_init ] --END-- [ RunTime:0.000000s ]
INFO: [ app_begin ] --START--
INFO: Run Behavior\ReadHtmlCacheBehavior [ RunTime:0.001000s ]
INFO: [ app_begin ] --END-- [ RunTime:0.001000s ]
NOTIC: [8] Use of undefined constant unique - assumed 'unique' F:\phpStudy\WWW\carshop\ThinkPHP\Common\functions.php 第 588 行.
SQL: SHOW COLUMNS FROM `cs_article` [ RunTime:0.0140s ]
NOTIC: [8] Use of undefined constant unique - assumed 'unique' F:\phpStudy\WWW\carshop\ThinkPHP\Common\functions.php 第 588 行.
SQL: SHOW COLUMNS FROM `cs_cate` [ RunTime:0.0140s ]
SQL: SELECT * FROM `cs_cate` ORDER BY sort asc  [ RunTime:0.0020s ]
INFO: [ view_parse ] --START--
INFO: [ template_filter ] --START--
INFO: Run Behavior\ContentReplaceBehavior [ RunTime:0.000000s ]
INFO: [ template_filter ] --END-- [ RunTime:0.000000s ]
INFO: Run Behavior\ParseTemplateBehavior [ RunTime:0.008000s ]
INFO: [ view_parse ] --END-- [ RunTime:0.008000s ]
INFO: [ view_filter ] --START--
INFO: Run Behavior\WriteHtmlCacheBehavior [ RunTime:0.000000s ]
INFO: [ view_filter ] --END-- [ RunTime:0.000000s ]
INFO: [ app_end ] --START--
INFO: Run Behavior\ShowPageTraceBehavior [ RunTime:0.001000s ]
INFO: [ app_end ] --END-- [ RunTime:0.001000s ]

[ 2016-05-06T13:05:17+08:00 ] 127.0.0.1 /carshop/index.php/Admin/Article/add
INFO: [ app_init ] --START--
INFO: Run Behavior\BuildLiteBehavior [ RunTime:0.000000s ]
INFO: [ app_init ] --END-- [ RunTime:0.000000s ]
INFO: [ app_begin ] --START--
INFO: Run Behavior\ReadHtmlCacheBehavior [ RunTime:0.000000s ]
INFO: [ app_begin ] --END-- [ RunTime:0.000000s ]
NOTIC: [8] Use of undefined constant unique - assumed 'unique' F:\phpStudy\WWW\carshop\ThinkPHP\Common\functions.php 第 588 行.
SQL: SHOW COLUMNS FROM `cs_article` [ RunTime:0.0170s ]
NOTIC: [2] call_user_func() expects parameter 1 to be a valid callback, no array or string given F:\phpStudy\WWW\carshop\ThinkPHP\Library\Think\Upload.class.php 第 170 行.
NOTIC: [8] Undefined index: validate F:\phpStudy\WWW\carshop\ThinkPHP\Library\Think\Model.class.php 第 1185 行.
SQL: SELECT * FROM `cs_article` WHERE `title` = '车辆展示2' LIMIT 1   [ RunTime:0.0010s ]
NOTIC: [8] Undefined index: auto F:\phpStudy\WWW\carshop\ThinkPHP\Library\Think\Model.class.php 第 1128 行.
SQL: INSERT INTO `cs_article` (`title`,`rizu`,`num`,`atype`,`author`,`cateid`,`content`,`keywords`,`des`,`rem`,`time`,`pic`) VALUES ('车辆展示2','0','','0','','93','&lt;p&gt;车辆展示2车辆展示2车辆展示2车辆展示2&lt;/p&gt;','','','0','1462511117','./Public/Uploads/2016-05-06/572c260d27369.jpg') [ RunTime:0.0010s ]
INFO: [ view_parse ] --START--
INFO: [ template_filter ] --START--
INFO: Run Behavior\ContentReplaceBehavior [ RunTime:0.000000s ]
INFO: [ template_filter ] --END-- [ RunTime:0.000000s ]
INFO: Run Behavior\ParseTemplateBehavior [ RunTime:0.006001s ]
INFO: [ view_parse ] --END-- [ RunTime:0.006001s ]
INFO: [ view_filter ] --START--
INFO: Run Behavior\WriteHtmlCacheBehavior [ RunTime:0.000000s ]
INFO: [ view_filter ] --END-- [ RunTime:0.000000s ]
INFO: [ app_end ] --START--
INFO: Run Behavior\ShowPageTraceBehavior [ RunTime:0.000000s ]
INFO: [ app_end ] --END-- [ RunTime:0.000000s ]

[ 2016-05-06T13:05:19+08:00 ] 127.0.0.1 /carshop/index.php/Admin/Article/lst.html
INFO: [ app_init ] --START--
INFO: Run Behavior\BuildLiteBehavior [ RunTime:0.001000s ]
INFO: [ app_init ] --END-- [ RunTime:0.001000s ]
INFO: [ app_begin ] --START--
INFO: Run Behavior\ReadHtmlCacheBehavior [ RunTime:0.001001s ]
INFO: [ app_begin ] --END-- [ RunTime:0.001001s ]
SQL: SHOW COLUMNS FROM `cs_article` [ RunTime:0.0180s ]
SQL: SHOW COLUMNS FROM `cs_cate` [ RunTime:0.0100s ]
NOTIC: [2] Invalid argument supplied for foreach() F:\phpStudy\WWW\carshop\ThinkPHP\Library\Think\Db\Driver.class.php 第 504 行.
SQL: SELECT COUNT(*) AS tp_count FROM cs_article article LEFT JOIN cs_cate cate ON article.cateid=cate.id LIMIT 1   [ RunTime:0.0010s ]
NOTIC: [2] Invalid argument supplied for foreach() F:\phpStudy\WWW\carshop\ThinkPHP\Library\Think\Db\Driver.class.php 第 504 行.
SQL: SELECT article.id AS id,article.title AS title,article.rem AS rem,article.pic AS pic,cate.name AS name FROM cs_article article LEFT JOIN cs_cate cate ON article.cateid=cate.id ORDER BY article.id desc LIMIT 0,3   [ RunTime:0.0010s ]
NOTIC: [8] Use of undefined constant unique - assumed 'unique' F:\phpStudy\WWW\carshop\ThinkPHP\Common\functions.php 第 588 行.
SQL: SHOW COLUMNS FROM `cs_cate` [ RunTime:0.0120s ]
SQL: SELECT * FROM `cs_cate` ORDER BY sort asc  [ RunTime:0.0010s ]
INFO: [ view_parse ] --START--
INFO: [ template_filter ] --START--
INFO: Run Behavior\ContentReplaceBehavior [ RunTime:0.000000s ]
INFO: [ template_filter ] --END-- [ RunTime:0.000000s ]
INFO: Run Behavior\ParseTemplateBehavior [ RunTime:0.010001s ]
INFO: [ view_parse ] --END-- [ RunTime:0.010001s ]
INFO: [ view_filter ] --START--
INFO: Run Behavior\WriteHtmlCacheBehavior [ RunTime:0.001000s ]
INFO: [ view_filter ] --END-- [ RunTime:0.001000s ]
INFO: [ app_end ] --START--
INFO: Run Behavior\ShowPageTraceBehavior [ RunTime:0.003000s ]
INFO: [ app_end ] --END-- [ RunTime:0.003000s ]

[ 2016-05-06T13:05:21+08:00 ] 127.0.0.1 /carshop/index.php/Admin/Article/add
INFO: [ app_init ] --START--
INFO: Run Behavior\BuildLiteBehavior [ RunTime:0.000000s ]
INFO: [ app_init ] --END-- [ RunTime:0.000000s ]
INFO: [ app_begin ] --START--
INFO: Run Behavior\ReadHtmlCacheBehavior [ RunTime:0.000000s ]
INFO: [ app_begin ] --END-- [ RunTime:0.000000s ]
NOTIC: [8] Use of undefined constant unique - assumed 'unique' F:\phpStudy\WWW\carshop\ThinkPHP\Common\functions.php 第 588 行.
SQL: SHOW COLUMNS FROM `cs_article` [ RunTime:0.0200s ]
NOTIC: [8] Use of undefined constant unique - assumed 'unique' F:\phpStudy\WWW\carshop\ThinkPHP\Common\functions.php 第 588 行.
SQL: SHOW COLUMNS FROM `cs_cate` [ RunTime:0.0170s ]
SQL: SELECT * FROM `cs_cate` ORDER BY sort asc  [ RunTime:0.0010s ]
INFO: [ view_parse ] --START--
INFO: [ template_filter ] --START--
INFO: Run Behavior\ContentReplaceBehavior [ RunTime:0.000000s ]
INFO: [ template_filter ] --END-- [ RunTime:0.000000s ]
INFO: Run Behavior\ParseTemplateBehavior [ RunTime:0.008001s ]
INFO: [ view_parse ] --END-- [ RunTime:0.008001s ]
INFO: [ view_filter ] --START--
INFO: Run Behavior\WriteHtmlCacheBehavior [ RunTime:0.001000s ]
INFO: [ view_filter ] --END-- [ RunTime:0.001000s ]
INFO: [ app_end ] --START--
INFO: Run Behavior\ShowPageTraceBehavior [ RunTime:0.003000s ]
INFO: [ app_end ] --END-- [ RunTime:0.003000s ]

[ 2016-05-06T13:05:46+08:00 ] 127.0.0.1 /carshop/index.php/Admin/Article/add
INFO: [ app_init ] --START--
INFO: Run Behavior\BuildLiteBehavior [ RunTime:0.000000s ]
INFO: [ app_init ] --END-- [ RunTime:0.000000s ]
INFO: [ app_begin ] --START--
INFO: Run Behavior\ReadHtmlCacheBehavior [ RunTime:0.001000s ]
INFO: [ app_begin ] --END-- [ RunTime:0.001000s ]
NOTIC: [8] Use of undefined constant unique - assumed 'unique' F:\phpStudy\WWW\carshop\ThinkPHP\Common\functions.php 第 588 行.
SQL: SHOW COLUMNS FROM `cs_article` [ RunTime:0.0190s ]
NOTIC: [2] call_user_func() expects parameter 1 to be a valid callback, no array or string given F:\phpStudy\WWW\carshop\ThinkPHP\Library\Think\Upload.class.php 第 170 行.
NOTIC: [8] Undefined index: validate F:\phpStudy\WWW\carshop\ThinkPHP\Library\Think\Model.class.php 第 1185 行.
SQL: SELECT * FROM `cs_article` WHERE `title` = '车辆展示3' LIMIT 1   [ RunTime:0.0010s ]
NOTIC: [8] Undefined index: auto F:\phpStudy\WWW\carshop\ThinkPHP\Library\Think\Model.class.php 第 1128 行.
SQL: INSERT INTO `cs_article` (`title`,`rizu`,`num`,`atype`,`author`,`cateid`,`content`,`keywords`,`des`,`rem`,`time`,`pic`) VALUES ('车辆展示3','0','','0','','93','&lt;p&gt;车辆展示3车辆展示3&lt;/p&gt;','','','0','1462511146','./Public/Uploads/2016-05-06/572c262a12607.jpg') [ RunTime:0.0010s ]
INFO: [ view_parse ] --START--
INFO: [ template_filter ] --START--
INFO: Run Behavior\ContentReplaceBehavior [ RunTime:0.000000s ]
INFO: [ template_filter ] --END-- [ RunTime:0.000000s ]
INFO: Run Behavior\ParseTemplateBehavior [ RunTime:0.011001s ]
INFO: [ view_parse ] --END-- [ RunTime:0.011001s ]
INFO: [ view_filter ] --START--
INFO: Run Behavior\WriteHtmlCacheBehavior [ RunTime:0.001000s ]
INFO: [ view_filter ] --END-- [ RunTime:0.001000s ]
INFO: [ app_end ] --START--
INFO: Run Behavior\ShowPageTraceBehavior [ RunTime:0.001000s ]
INFO: [ app_end ] --END-- [ RunTime:0.001000s ]

[ 2016-05-06T13:05:48+08:00 ] 127.0.0.1 /carshop/index.php/Admin/Article/lst.html
INFO: [ app_init ] --START--
INFO: Run Behavior\BuildLiteBehavior [ RunTime:0.000000s ]
INFO: [ app_init ] --END-- [ RunTime:0.001000s ]
INFO: [ app_begin ] --START--
INFO: Run Behavior\ReadHtmlCacheBehavior [ RunTime:0.001000s ]
INFO: [ app_begin ] --END-- [ RunTime:0.001000s ]
SQL: SHOW COLUMNS FROM `cs_article` [ RunTime:0.0110s ]
SQL: SHOW COLUMNS FROM `cs_cate` [ RunTime:0.0070s ]
NOTIC: [2] Invalid argument supplied for foreach() F:\phpStudy\WWW\carshop\ThinkPHP\Library\Think\Db\Driver.class.php 第 504 行.
SQL: SELECT COUNT(*) AS tp_count FROM cs_article article LEFT JOIN cs_cate cate ON article.cateid=cate.id LIMIT 1   [ RunTime:0.0000s ]
NOTIC: [2] Invalid argument supplied for foreach() F:\phpStudy\WWW\carshop\ThinkPHP\Library\Think\Db\Driver.class.php 第 504 行.
SQL: SELECT article.id AS id,article.title AS title,article.rem AS rem,article.pic AS pic,cate.name AS name FROM cs_article article LEFT JOIN cs_cate cate ON article.cateid=cate.id ORDER BY article.id desc LIMIT 0,3   [ RunTime:0.0000s ]
NOTIC: [8] Use of undefined constant unique - assumed 'unique' F:\phpStudy\WWW\carshop\ThinkPHP\Common\functions.php 第 588 行.
SQL: SHOW COLUMNS FROM `cs_cate` [ RunTime:0.0070s ]
SQL: SELECT * FROM `cs_cate` ORDER BY sort asc  [ RunTime:0.0010s ]
INFO: [ view_parse ] --START--
INFO: [ template_filter ] --START--
INFO: Run Behavior\ContentReplaceBehavior [ RunTime:0.000000s ]
INFO: [ template_filter ] --END-- [ RunTime:0.000000s ]
INFO: Run Behavior\ParseTemplateBehavior [ RunTime:0.008000s ]
INFO: [ view_parse ] --END-- [ RunTime:0.008000s ]
INFO: [ view_filter ] --START--
INFO: Run Behavior\WriteHtmlCacheBehavior [ RunTime:0.001000s ]
INFO: [ view_filter ] --END-- [ RunTime:0.001000s ]
INFO: [ app_end ] --START--
INFO: Run Behavior\ShowPageTraceBehavior [ RunTime:0.000000s ]
INFO: [ app_end ] --END-- [ RunTime:0.000000s ]

[ 2016-05-06T13:05:50+08:00 ] 127.0.0.1 /carshop/index.php/Admin/Article/add
INFO: [ app_init ] --START--
INFO: Run Behavior\BuildLiteBehavior [ RunTime:0.000000s ]
INFO: [ app_init ] --END-- [ RunTime:0.001000s ]
INFO: [ app_begin ] --START--
INFO: Run Behavior\ReadHtmlCacheBehavior [ RunTime:0.001000s ]
INFO: [ app_begin ] --END-- [ RunTime:0.001000s ]
NOTIC: [8] Use of undefined constant unique - assumed 'unique' F:\phpStudy\WWW\carshop\ThinkPHP\Common\functions.php 第 588 行.
SQL: SHOW COLUMNS FROM `cs_article` [ RunTime:0.0260s ]
NOTIC: [8] Use of undefined constant unique - assumed 'unique' F:\phpStudy\WWW\carshop\ThinkPHP\Common\functions.php 第 588 行.
SQL: SHOW COLUMNS FROM `cs_cate` [ RunTime:0.0160s ]
SQL: SELECT * FROM `cs_cate` ORDER BY sort asc  [ RunTime:0.0010s ]
INFO: [ view_parse ] --START--
INFO: [ template_filter ] --START--
INFO: Run Behavior\ContentReplaceBehavior [ RunTime:0.001000s ]
INFO: [ template_filter ] --END-- [ RunTime:0.001000s ]
INFO: Run Behavior\ParseTemplateBehavior [ RunTime:0.013001s ]
INFO: [ view_parse ] --END-- [ RunTime:0.013001s ]
INFO: [ view_filter ] --START--
INFO: Run Behavior\WriteHtmlCacheBehavior [ RunTime:0.000000s ]
INFO: [ view_filter ] --END-- [ RunTime:0.000000s ]
INFO: [ app_end ] --START--
INFO: Run Behavior\ShowPageTraceBehavior [ RunTime:0.001000s ]
INFO: [ app_end ] --END-- [ RunTime:0.001000s ]

[ 2016-05-06T13:06:12+08:00 ] 127.0.0.1 /carshop/index.php/Admin/Article/add
INFO: [ app_init ] --START--
INFO: Run Behavior\BuildLiteBehavior [ RunTime:0.000000s ]
INFO: [ app_init ] --END-- [ RunTime:0.000000s ]
INFO: [ app_begin ] --START--
INFO: Run Behavior\ReadHtmlCacheBehavior [ RunTime:0.000000s ]
INFO: [ app_begin ] --END-- [ RunTime:0.000000s ]
NOTIC: [8] Use of undefined constant unique - assumed 'unique' F:\phpStudy\WWW\carshop\ThinkPHP\Common\functions.php 第 588 行.
SQL: SHOW COLUMNS FROM `cs_article` [ RunTime:0.0250s ]
NOTIC: [2] call_user_func() expects parameter 1 to be a valid callback, no array or string given F:\phpStudy\WWW\carshop\ThinkPHP\Library\Think\Upload.class.php 第 170 行.
NOTIC: [8] Undefined index: validate F:\phpStudy\WWW\carshop\ThinkPHP\Library\Think\Model.class.php 第 1185 行.
SQL: SELECT * FROM `cs_article` WHERE `title` = '车辆展示4' LIMIT 1   [ RunTime:0.0010s ]
NOTIC: [8] Undefined index: auto F:\phpStudy\WWW\carshop\ThinkPHP\Library\Think\Model.class.php 第 1128 行.
SQL: INSERT INTO `cs_article` (`title`,`rizu`,`num`,`atype`,`author`,`cateid`,`content`,`keywords`,`des`,`rem`,`time`,`pic`) VALUES ('车辆展示4','0','','0','','93','&lt;p&gt;车辆展示3车辆展示3车辆展示3&lt;/p&gt;','','','0','1462511172','./Public/Uploads/2016-05-06/572c2644de5d6.jpg') [ RunTime:0.0000s ]
INFO: [ view_parse ] --START--
INFO: [ template_filter ] --START--
INFO: Run Behavior\ContentReplaceBehavior [ RunTime:0.000000s ]
INFO: [ template_filter ] --END-- [ RunTime:0.000000s ]
INFO: Run Behavior\ParseTemplateBehavior [ RunTime:0.007001s ]
INFO: [ view_parse ] --END-- [ RunTime:0.007001s ]
INFO: [ view_filter ] --START--
INFO: Run Behavior\WriteHtmlCacheBehavior [ RunTime:0.001000s ]
INFO: [ view_filter ] --END-- [ RunTime:0.001000s ]
INFO: [ app_end ] --START--
INFO: Run Behavior\ShowPageTraceBehavior [ RunTime:0.000000s ]
INFO: [ app_end ] --END-- [ RunTime:0.000000s ]

[ 2016-05-06T13:06:15+08:00 ] 127.0.0.1 /carshop/index.php/Admin/Article/lst.html
INFO: [ app_init ] --START--
INFO: Run Behavior\BuildLiteBehavior [ RunTime:0.000000s ]
INFO: [ app_init ] --END-- [ RunTime:0.000000s ]
INFO: [ app_begin ] --START--
INFO: Run Behavior\ReadHtmlCacheBehavior [ RunTime:0.001000s ]
INFO: [ app_begin ] --END-- [ RunTime:0.001000s ]
SQL: SHOW COLUMNS FROM `cs_article` [ RunTime:0.0090s ]
SQL: SHOW COLUMNS FROM `cs_cate` [ RunTime:0.0070s ]
NOTIC: [2] Invalid argument supplied for foreach() F:\phpStudy\WWW\carshop\ThinkPHP\Library\Think\Db\Driver.class.php 第 504 行.
SQL: SELECT COUNT(*) AS tp_count FROM cs_article article LEFT JOIN cs_cate cate ON article.cateid=cate.id LIMIT 1   [ RunTime:0.0000s ]
NOTIC: [2] Invalid argument supplied for foreach() F:\phpStudy\WWW\carshop\ThinkPHP\Library\Think\Db\Driver.class.php 第 504 行.
SQL: SELECT article.id AS id,article.title AS title,article.rem AS rem,article.pic AS pic,cate.name AS name FROM cs_article article LEFT JOIN cs_cate cate ON article.cateid=cate.id ORDER BY article.id desc LIMIT 0,3   [ RunTime:0.0010s ]
NOTIC: [8] Use of undefined constant unique - assumed 'unique' F:\phpStudy\WWW\carshop\ThinkPHP\Common\functions.php 第 588 行.
SQL: SHOW COLUMNS FROM `cs_cate` [ RunTime:0.0120s ]
SQL: SELECT * FROM `cs_cate` ORDER BY sort asc  [ RunTime:0.0000s ]
INFO: [ view_parse ] --START--
INFO: [ template_filter ] --START--
INFO: Run Behavior\ContentReplaceBehavior [ RunTime:0.000000s ]
INFO: [ template_filter ] --END-- [ RunTime:0.000000s ]
INFO: Run Behavior\ParseTemplateBehavior [ RunTime:0.008000s ]
INFO: [ view_parse ] --END-- [ RunTime:0.008000s ]
INFO: [ view_filter ] --START--
INFO: Run Behavior\WriteHtmlCacheBehavior [ RunTime:0.000000s ]
INFO: [ view_filter ] --END-- [ RunTime:0.000000s ]
INFO: [ app_end ] --START--
INFO: Run Behavior\ShowPageTraceBehavior [ RunTime:0.005001s ]
INFO: [ app_end ] --END-- [ RunTime:0.005001s ]

[ 2016-05-06T13:06:17+08:00 ] 127.0.0.1 /carshop/index.php/Admin/Article/add
INFO: [ app_init ] --START--
INFO: Run Behavior\BuildLiteBehavior [ RunTime:0.000000s ]
INFO: [ app_init ] --END-- [ RunTime:0.000000s ]
INFO: [ app_begin ] --START--
INFO: Run Behavior\ReadHtmlCacheBehavior [ RunTime:0.000000s ]
INFO: [ app_begin ] --END-- [ RunTime:0.000000s ]
NOTIC: [8] Use of undefined constant unique - assumed 'unique' F:\phpStudy\WWW\carshop\ThinkPHP\Common\functions.php 第 588 行.
SQL: SHOW COLUMNS FROM `cs_article` [ RunTime:0.0280s ]
NOTIC: [8] Use of undefined constant unique - assumed 'unique' F:\phpStudy\WWW\carshop\ThinkPHP\Common\functions.php 第 588 行.
SQL: SHOW COLUMNS FROM `cs_cate` [ RunTime:0.0150s ]
SQL: SELECT * FROM `cs_cate` ORDER BY sort asc  [ RunTime:0.0000s ]
INFO: [ view_parse ] --START--
INFO: [ template_filter ] --START--
INFO: Run Behavior\ContentReplaceBehavior [ RunTime:0.000000s ]
INFO: [ template_filter ] --END-- [ RunTime:0.000000s ]
INFO: Run Behavior\ParseTemplateBehavior [ RunTime:0.011001s ]
INFO: [ view_parse ] --END-- [ RunTime:0.012001s ]
INFO: [ view_filter ] --START--
INFO: Run Behavior\WriteHtmlCacheBehavior [ RunTime:0.000000s ]
INFO: [ view_filter ] --END-- [ RunTime:0.000000s ]
INFO: [ app_end ] --START--
INFO: Run Behavior\ShowPageTraceBehavior [ RunTime:0.001000s ]
INFO: [ app_end ] --END-- [ RunTime:0.001000s ]

[ 2016-05-06T13:06:36+08:00 ] 127.0.0.1 /carshop/index.php/Admin/Article/add
INFO: [ app_init ] --START--
INFO: Run Behavior\BuildLiteBehavior [ RunTime:0.000000s ]
INFO: [ app_init ] --END-- [ RunTime:0.000000s ]
INFO: [ app_begin ] --START--
INFO: Run Behavior\ReadHtmlCacheBehavior [ RunTime:0.000000s ]
INFO: [ app_begin ] --END-- [ RunTime:0.000000s ]
NOTIC: [8] Use of undefined constant unique - assumed 'unique' F:\phpStudy\WWW\carshop\ThinkPHP\Common\functions.php 第 588 行.
SQL: SHOW COLUMNS FROM `cs_article` [ RunTime:0.0270s ]
NOTIC: [2] call_user_func() expects parameter 1 to be a valid callback, no array or string given F:\phpStudy\WWW\carshop\ThinkPHP\Library\Think\Upload.class.php 第 170 行.
NOTIC: [8] Undefined index: validate F:\phpStudy\WWW\carshop\ThinkPHP\Library\Think\Model.class.php 第 1185 行.
SQL: SELECT * FROM `cs_article` WHERE `title` = '车辆展示5' LIMIT 1   [ RunTime:0.0000s ]
NOTIC: [8] Undefined index: auto F:\phpStudy\WWW\carshop\ThinkPHP\Library\Think\Model.class.php 第 1128 行.
SQL: INSERT INTO `cs_article` (`title`,`rizu`,`num`,`atype`,`author`,`cateid`,`content`,`keywords`,`des`,`rem`,`time`,`pic`) VALUES ('车辆展示5','0','','0','','93','&lt;p&gt;车辆展示5车辆展示5车辆展示5车辆展示5车辆展示5&lt;/p&gt;','','','0','1462511196','./Public/Uploads/2016-05-06/572c265c62ab5.jpg') [ RunTime:0.0000s ]
INFO: [ view_parse ] --START--
INFO: [ template_filter ] --START--
INFO: Run Behavior\ContentReplaceBehavior [ RunTime:0.000000s ]
INFO: [ template_filter ] --END-- [ RunTime:0.000000s ]
INFO: Run Behavior\ParseTemplateBehavior [ RunTime:0.008000s ]
INFO: [ view_parse ] --END-- [ RunTime:0.008000s ]
INFO: [ view_filter ] --START--
INFO: Run Behavior\WriteHtmlCacheBehavior [ RunTime:0.001000s ]
INFO: [ view_filter ] --END-- [ RunTime:0.001000s ]
INFO: [ app_end ] --START--
INFO: Run Behavior\ShowPageTraceBehavior [ RunTime:0.001000s ]
INFO: [ app_end ] --END-- [ RunTime:0.001000s ]

[ 2016-05-06T13:06:38+08:00 ] 127.0.0.1 /carshop/index.php/Admin/Article/lst.html
INFO: [ app_init ] --START--
INFO: Run Behavior\BuildLiteBehavior [ RunTime:0.000000s ]
INFO: [ app_init ] --END-- [ RunTime:0.000000s ]
INFO: [ app_begin ] --START--
INFO: Run Behavior\ReadHtmlCacheBehavior [ RunTime:0.000000s ]
INFO: [ app_begin ] --END-- [ RunTime:0.000000s ]
SQL: SHOW COLUMNS FROM `cs_article` [ RunTime:0.0280s ]
SQL: SHOW COLUMNS FROM `cs_cate` [ RunTime:0.0160s ]
NOTIC: [2] Invalid argument supplied for foreach() F:\phpStudy\WWW\carshop\ThinkPHP\Library\Think\Db\Driver.class.php 第 504 行.
SQL: SELECT COUNT(*) AS tp_count FROM cs_article article LEFT JOIN cs_cate cate ON article.cateid=cate.id LIMIT 1   [ RunTime:0.0000s ]
NOTIC: [2] Invalid argument supplied for foreach() F:\phpStudy\WWW\carshop\ThinkPHP\Library\Think\Db\Driver.class.php 第 504 行.
SQL: SELECT article.id AS id,article.title AS title,article.rem AS rem,article.pic AS pic,cate.name AS name FROM cs_article article LEFT JOIN cs_cate cate ON article.cateid=cate.id ORDER BY article.id desc LIMIT 0,3   [ RunTime:0.0000s ]
NOTIC: [8] Use of undefined constant unique - assumed 'unique' F:\phpStudy\WWW\carshop\ThinkPHP\Common\functions.php 第 588 行.
SQL: SHOW COLUMNS FROM `cs_cate` [ RunTime:0.0070s ]
SQL: SELECT * FROM `cs_cate` ORDER BY sort asc  [ RunTime:0.0020s ]
INFO: [ view_parse ] --START--
INFO: [ template_filter ] --START--
INFO: Run Behavior\ContentReplaceBehavior [ RunTime:0.000000s ]
INFO: [ template_filter ] --END-- [ RunTime:0.000000s ]
INFO: Run Behavior\ParseTemplateBehavior [ RunTime:0.008001s ]
INFO: [ view_parse ] --END-- [ RunTime:0.008001s ]
INFO: [ view_filter ] --START--
INFO: Run Behavior\WriteHtmlCacheBehavior [ RunTime:0.001000s ]
INFO: [ view_filter ] --END-- [ RunTime:0.001000s ]
INFO: [ app_end ] --START--
INFO: Run Behavior\ShowPageTraceBehavior [ RunTime:0.000000s ]
INFO: [ app_end ] --END-- [ RunTime:0.000000s ]

[ 2016-05-06T13:06:42+08:00 ] 127.0.0.1 /carshop/index.php/Admin/Article/lst/p/2.html
INFO: [ app_init ] --START--
INFO: Run Behavior\BuildLiteBehavior [ RunTime:0.000000s ]
INFO: [ app_init ] --END-- [ RunTime:0.000000s ]
INFO: [ app_begin ] --START--
INFO: Run Behavior\ReadHtmlCacheBehavior [ RunTime:0.000000s ]
INFO: [ app_begin ] --END-- [ RunTime:0.000000s ]
SQL: SHOW COLUMNS FROM `cs_article` [ RunTime:0.0230s ]
SQL: SHOW COLUMNS FROM `cs_cate` [ RunTime:0.0200s ]
NOTIC: [2] Invalid argument supplied for foreach() F:\phpStudy\WWW\carshop\ThinkPHP\Library\Think\Db\Driver.class.php 第 504 行.
SQL: SELECT COUNT(*) AS tp_count FROM cs_article article LEFT JOIN cs_cate cate ON article.cateid=cate.id LIMIT 1   [ RunTime:0.0010s ]
NOTIC: [2] Invalid argument supplied for foreach() F:\phpStudy\WWW\carshop\ThinkPHP\Library\Think\Db\Driver.class.php 第 504 行.
SQL: SELECT article.id AS id,article.title AS title,article.rem AS rem,article.pic AS pic,cate.name AS name FROM cs_article article LEFT JOIN cs_cate cate ON article.cateid=cate.id ORDER BY article.id desc LIMIT 3,3   [ RunTime:0.0010s ]
NOTIC: [8] Use of undefined constant unique - assumed 'unique' F:\phpStudy\WWW\carshop\ThinkPHP\Common\functions.php 第 588 行.
SQL: SHOW COLUMNS FROM `cs_cate` [ RunTime:0.0080s ]
SQL: SELECT * FROM `cs_cate` ORDER BY sort asc  [ RunTime:0.0000s ]
INFO: [ view_parse ] --START--
INFO: [ template_filter ] --START--
INFO: Run Behavior\ContentReplaceBehavior [ RunTime:0.000000s ]
INFO: [ template_filter ] --END-- [ RunTime:0.000000s ]
INFO: Run Behavior\ParseTemplateBehavior [ RunTime:0.012001s ]
INFO: [ view_parse ] --END-- [ RunTime:0.012001s ]
INFO: [ view_filter ] --START--
INFO: Run Behavior\WriteHtmlCacheBehavior [ RunTime:0.000000s ]
INFO: [ view_filter ] --END-- [ RunTime:0.000000s ]
INFO: [ app_end ] --START--
INFO: Run Behavior\ShowPageTraceBehavior [ RunTime:0.000000s ]
INFO: [ app_end ] --END-- [ RunTime:0.000000s ]

[ 2016-05-06T16:24:45+08:00 ] 127.0.0.1 /carshop/index.php/admin
INFO: [ app_init ] --START--
INFO: Run Behavior\BuildLiteBehavior [ RunTime:0.000000s ]
INFO: [ app_init ] --END-- [ RunTime:0.000000s ]
INFO: [ app_begin ] --START--
INFO: Run Behavior\ReadHtmlCacheBehavior [ RunTime:0.000000s ]
INFO: [ app_begin ] --END-- [ RunTime:0.000000s ]
INFO: [ view_parse ] --START--
INFO: [ template_filter ] --START--
INFO: Run Behavior\ContentReplaceBehavior [ RunTime:0.000000s ]
INFO: [ template_filter ] --END-- [ RunTime:0.000000s ]
INFO: Run Behavior\ParseTemplateBehavior [ RunTime:0.023001s ]
INFO: [ view_parse ] --END-- [ RunTime:0.023001s ]
INFO: [ view_filter ] --START--
INFO: Run Behavior\WriteHtmlCacheBehavior [ RunTime:0.000000s ]
INFO: [ view_filter ] --END-- [ RunTime:0.000000s ]

[ 2016-05-06T16:24:48+08:00 ] 127.0.0.1 /carshop/index.php/Admin/Login/index.html
INFO: [ app_init ] --START--
INFO: Run Behavior\BuildLiteBehavior [ RunTime:0.000000s ]
INFO: [ app_init ] --END-- [ RunTime:0.001000s ]
INFO: [ app_begin ] --START--
INFO: Run Behavior\ReadHtmlCacheBehavior [ RunTime:0.001000s ]
INFO: [ app_begin ] --END-- [ RunTime:0.001000s ]
INFO: [ view_parse ] --START--
INFO: [ template_filter ] --START--
INFO: Run Behavior\ContentReplaceBehavior [ RunTime:0.000000s ]
INFO: [ template_filter ] --END-- [ RunTime:0.001000s ]
INFO: Run Behavior\ParseTemplateBehavior [ RunTime:0.032001s ]
INFO: [ view_parse ] --END-- [ RunTime:0.032001s ]
INFO: [ view_filter ] --START--
INFO: Run Behavior\WriteHtmlCacheBehavior [ RunTime:0.000000s ]
INFO: [ view_filter ] --END-- [ RunTime:0.000000s ]
INFO: [ app_end ] --START--
INFO: Run Behavior\ShowPageTraceBehavior [ RunTime:0.001000s ]
INFO: [ app_end ] --END-- [ RunTime:0.001000s ]

[ 2016-05-06T16:24:48+08:00 ] 127.0.0.1 /carshop/index.php/Admin/Login/verify
INFO: [ app_init ] --START--
INFO: Run Behavior\BuildLiteBehavior [ RunTime:0.000000s ]
INFO: [ app_init ] --END-- [ RunTime:0.000000s ]
INFO: [ app_begin ] --START--
INFO: Run Behavior\ReadHtmlCacheBehavior [ RunTime:0.000000s ]
INFO: [ app_begin ] --END-- [ RunTime:0.000000s ]
INFO: [ app_end ] --START--
INFO: Run Behavior\ShowPageTraceBehavior [ RunTime:0.001000s ]
INFO: [ app_end ] --END-- [ RunTime:0.001000s ]

[ 2016-05-06T16:24:54+08:00 ] 127.0.0.1 /carshop/index.php/Admin/Login/index.html
INFO: [ app_init ] --START--
INFO: Run Behavior\BuildLiteBehavior [ RunTime:0.000000s ]
INFO: [ app_init ] --END-- [ RunTime:0.001000s ]
INFO: [ app_begin ] --START--
INFO: Run Behavior\ReadHtmlCacheBehavior [ RunTime:0.001000s ]
INFO: [ app_begin ] --END-- [ RunTime:0.001000s ]
NOTIC: [8] Use of undefined constant unique - assumed 'unique' F:\phpStudy\WWW\carshop\ThinkPHP\Common\functions.php 第 588 行.
NOTIC: [8] Use of undefined constant unique - assumed 'unique' F:\phpStudy\WWW\carshop\ThinkPHP\Common\functions.php 第 588 行.
SQL: SHOW COLUMNS FROM `cs_admin` [ RunTime:0.0080s ]
NOTIC: [8] Undefined index: validate F:\phpStudy\WWW\carshop\ThinkPHP\Library\Think\Model.class.php 第 1185 行.
NOTIC: [8] Undefined index: auto F:\phpStudy\WWW\carshop\ThinkPHP\Library\Think\Model.class.php 第 1128 行.
SQL: SELECT * FROM `cs_admin` WHERE ( username='admin' ) LIMIT 1   [ RunTime:0.0000s ]
NOTIC: [8] Undefined variable: roles F:\phpStudy\WWW\carshop\Application\Admin\Model\AdminModel.class.php 第 61 行.
NOTIC: [8] Use of undefined constant unique - assumed 'unique' F:\phpStudy\WWW\carshop\ThinkPHP\Common\functions.php 第 588 行.
SQL: SHOW COLUMNS FROM `cs_role` [ RunTime:0.0070s ]
NOTIC: [8] Use of undefined constant unique - assumed 'unique' F:\phpStudy\WWW\carshop\ThinkPHP\Common\functions.php 第 588 行.
SQL: SHOW COLUMNS FROM `cs_privilege` [ RunTime:0.0080s ]
SQL: SELECT `rolename`,`pri_id_list` FROM `cs_role` WHERE `id` = 1 LIMIT 1   [ RunTime:0.0010s ]
SQL: SELECT * FROM `cs_privilege` WHERE ( parentid=0 )  [ RunTime:0.0130s ]
SQL: SELECT * FROM `cs_privilege` WHERE ( parentid=17 )  [ RunTime:0.0000s ]
SQL: SELECT * FROM `cs_privilege` WHERE ( parentid=30 )  [ RunTime:0.0000s ]
INFO: [ view_parse ] --START--
INFO: [ template_filter ] --START--
INFO: Run Behavior\ContentReplaceBehavior [ RunTime:0.000000s ]
INFO: [ template_filter ] --END-- [ RunTime:0.000000s ]
INFO: Run Behavior\ParseTemplateBehavior [ RunTime:0.005001s ]
INFO: [ view_parse ] --END-- [ RunTime:0.005001s ]
INFO: [ view_filter ] --START--
INFO: Run Behavior\WriteHtmlCacheBehavior [ RunTime:0.001000s ]
INFO: [ view_filter ] --END-- [ RunTime:0.001000s ]
INFO: [ app_end ] --START--
INFO: Run Behavior\ShowPageTraceBehavior [ RunTime:0.000000s ]
INFO: [ app_end ] --END-- [ RunTime:0.000000s ]

[ 2016-05-06T16:24:55+08:00 ] 127.0.0.1 /carshop/index.php/Admin/index/index.html
INFO: [ app_init ] --START--
INFO: Run Behavior\BuildLiteBehavior [ RunTime:0.000000s ]
INFO: [ app_init ] --END-- [ RunTime:0.001000s ]
INFO: [ app_begin ] --START--
INFO: Run Behavior\ReadHtmlCacheBehavior [ RunTime:0.001000s ]
INFO: [ app_begin ] --END-- [ RunTime:0.001000s ]
INFO: [ view_parse ] --START--
INFO: [ template_filter ] --START--
INFO: Run Behavior\ContentReplaceBehavior [ RunTime:0.000000s ]
INFO: [ template_filter ] --END-- [ RunTime:0.000000s ]
INFO: Run Behavior\ParseTemplateBehavior [ RunTime:0.019002s ]
INFO: [ view_parse ] --END-- [ RunTime:0.019002s ]
INFO: [ view_filter ] --START--
INFO: Run Behavior\WriteHtmlCacheBehavior [ RunTime:0.001000s ]
INFO: [ view_filter ] --END-- [ RunTime:0.001000s ]
INFO: [ app_end ] --START--
INFO: Run Behavior\ShowPageTraceBehavior [ RunTime:0.000000s ]
INFO: [ app_end ] --END-- [ RunTime:0.000000s ]

[ 2016-05-06T16:24:59+08:00 ] 127.0.0.1 /carshop/index.php/Admin/Article/lst
INFO: [ app_init ] --START--
INFO: Run Behavior\BuildLiteBehavior [ RunTime:0.000000s ]
INFO: [ app_init ] --END-- [ RunTime:0.001000s ]
INFO: [ app_begin ] --START--
INFO: Run Behavior\ReadHtmlCacheBehavior [ RunTime:0.001000s ]
INFO: [ app_begin ] --END-- [ RunTime:0.001000s ]
SQL: SHOW COLUMNS FROM `cs_article` [ RunTime:0.0040s ]
SQL: SHOW COLUMNS FROM `cs_cate` [ RunTime:0.0030s ]
NOTIC: [2] Invalid argument supplied for foreach() F:\phpStudy\WWW\carshop\ThinkPHP\Library\Think\Db\Driver.class.php 第 504 行.
SQL: SELECT COUNT(*) AS tp_count FROM cs_article article LEFT JOIN cs_cate cate ON article.cateid=cate.id LIMIT 1   [ RunTime:0.0000s ]
NOTIC: [2] Invalid argument supplied for foreach() F:\phpStudy\WWW\carshop\ThinkPHP\Library\Think\Db\Driver.class.php 第 504 行.
SQL: SELECT article.id AS id,article.title AS title,article.rem AS rem,article.pic AS pic,cate.name AS name FROM cs_article article LEFT JOIN cs_cate cate ON article.cateid=cate.id ORDER BY article.id desc LIMIT 0,3   [ RunTime:0.0010s ]
NOTIC: [8] Use of undefined constant unique - assumed 'unique' F:\phpStudy\WWW\carshop\ThinkPHP\Common\functions.php 第 588 行.
SQL: SHOW COLUMNS FROM `cs_cate` [ RunTime:0.0090s ]
SQL: SELECT * FROM `cs_cate` ORDER BY sort asc  [ RunTime:0.0000s ]
INFO: [ view_parse ] --START--
INFO: [ template_filter ] --START--
INFO: Run Behavior\ContentReplaceBehavior [ RunTime:0.000000s ]
INFO: [ template_filter ] --END-- [ RunTime:0.000000s ]
INFO: Run Behavior\ParseTemplateBehavior [ RunTime:0.012001s ]
INFO: [ view_parse ] --END-- [ RunTime:0.012001s ]
INFO: [ view_filter ] --START--
INFO: Run Behavior\WriteHtmlCacheBehavior [ RunTime:0.000000s ]
INFO: [ view_filter ] --END-- [ RunTime:0.000000s ]
INFO: [ app_end ] --START--
INFO: Run Behavior\ShowPageTraceBehavior [ RunTime:0.000000s ]
INFO: [ app_end ] --END-- [ RunTime:0.000000s ]

[ 2016-05-06T17:01:49+08:00 ] 127.0.0.1 /carshop/index.php/Admin/Message/lst
INFO: [ app_init ] --START--
INFO: Run Behavior\BuildLiteBehavior [ RunTime:0.000000s ]
INFO: [ app_init ] --END-- [ RunTime:0.000000s ]
INFO: [ app_begin ] --START--
INFO: Run Behavior\ReadHtmlCacheBehavior [ RunTime:0.000000s ]
INFO: [ app_begin ] --END-- [ RunTime:0.000000s ]
SQL: SHOW COLUMNS FROM `cs_message` [ RunTime:0.0100s ]
SQL: SELECT COUNT(*) AS tp_count FROM `cs_message` LIMIT 1   [ RunTime:0.0010s ]
SQL: SELECT * FROM `cs_message` LIMIT 0,2   [ RunTime:0.0010s ]
NOTIC: [8] Undefined variable: messageres F:\phpStudy\WWW\carshop\Application\Admin\Controller\MessageController.class.php 第 14 行.
INFO: [ view_parse ] --START--
INFO: [ template_filter ] --START--
INFO: Run Behavior\ContentReplaceBehavior [ RunTime:0.000000s ]
INFO: [ template_filter ] --END-- [ RunTime:0.000000s ]
INFO: Run Behavior\ParseTemplateBehavior [ RunTime:0.024001s ]
INFO: [ view_parse ] --END-- [ RunTime:0.024001s ]
INFO: [ view_filter ] --START--
INFO: Run Behavior\WriteHtmlCacheBehavior [ RunTime:0.001000s ]
INFO: [ view_filter ] --END-- [ RunTime:0.001000s ]
INFO: [ app_end ] --START--
INFO: Run Behavior\ShowPageTraceBehavior [ RunTime:0.001000s ]
INFO: [ app_end ] --END-- [ RunTime:0.001000s ]

[ 2016-05-06T17:23:01+08:00 ] 127.0.0.1 /carshop/index.php/Admin/Message/lst
INFO: [ app_init ] --START--
INFO: Run Behavior\BuildLiteBehavior [ RunTime:0.000000s ]
INFO: [ app_init ] --END-- [ RunTime:0.001000s ]
INFO: [ app_begin ] --START--
INFO: Run Behavior\ReadHtmlCacheBehavior [ RunTime:0.000000s ]
INFO: [ app_begin ] --END-- [ RunTime:0.000000s ]
SQL: SHOW COLUMNS FROM `cs_message` [ RunTime:0.0150s ]
SQL: SELECT COUNT(*) AS tp_count FROM `cs_message` LIMIT 1   [ RunTime:0.0010s ]
SQL: SELECT * FROM `cs_message` LIMIT 0,2   [ RunTime:0.0010s ]
NOTIC: [8] Undefined variable: messageres F:\phpStudy\WWW\carshop\Application\Admin\Controller\MessageController.class.php 第 14 行.
INFO: [ view_parse ] --START--
INFO: [ template_filter ] --START--
INFO: Run Behavior\ContentReplaceBehavior [ RunTime:0.000000s ]
INFO: [ template_filter ] --END-- [ RunTime:0.000000s ]
INFO: Run Behavior\ParseTemplateBehavior [ RunTime:0.015001s ]
INFO: [ view_parse ] --END-- [ RunTime:0.015001s ]
INFO: [ view_filter ] --START--
INFO: Run Behavior\WriteHtmlCacheBehavior [ RunTime:0.001000s ]
INFO: [ view_filter ] --END-- [ RunTime:0.001000s ]
INFO: [ app_end ] --START--
INFO: Run Behavior\ShowPageTraceBehavior [ RunTime:0.001000s ]
INFO: [ app_end ] --END-- [ RunTime:0.001000s ]

[ 2016-05-06T17:23:17+08:00 ] 127.0.0.1 /carshop/index.php/Admin/Message/checked/id/14
INFO: [ app_init ] --START--
INFO: Run Behavior\BuildLiteBehavior [ RunTime:0.000000s ]
INFO: [ app_init ] --END-- [ RunTime:0.000000s ]
INFO: [ app_begin ] --START--
INFO: Run Behavior\ReadHtmlCacheBehavior [ RunTime:0.001000s ]
INFO: [ app_begin ] --END-- [ RunTime:0.002000s ]
SQL: SHOW COLUMNS FROM `cs_message` [ RunTime:0.0170s ]
SQL: SELECT * FROM `cs_message` WHERE `id` = 14 LIMIT 1   [ RunTime:0.0010s ]
INFO: [ view_parse ] --START--
INFO: [ template_filter ] --START--
INFO: Run Behavior\ContentReplaceBehavior [ RunTime:0.000000s ]
INFO: [ template_filter ] --END-- [ RunTime:0.000000s ]
INFO: Run Behavior\ParseTemplateBehavior [ RunTime:0.034002s ]
INFO: [ view_parse ] --END-- [ RunTime:0.034002s ]
INFO: [ view_filter ] --START--
INFO: Run Behavior\WriteHtmlCacheBehavior [ RunTime:0.000000s ]
INFO: [ view_filter ] --END-- [ RunTime:0.000000s ]
INFO: [ app_end ] --START--
INFO: Run Behavior\ShowPageTraceBehavior [ RunTime:0.001000s ]
INFO: [ app_end ] --END-- [ RunTime:0.001000s ]

[ 2016-05-06T17:23:21+08:00 ] 127.0.0.1 /carshop/index.php/Admin/Message/checked/id/14
INFO: [ app_init ] --START--
INFO: Run Behavior\BuildLiteBehavior [ RunTime:0.000000s ]
INFO: [ app_init ] --END-- [ RunTime:0.000000s ]
INFO: [ app_begin ] --START--
INFO: Run Behavior\ReadHtmlCacheBehavior [ RunTime:0.000000s ]
INFO: [ app_begin ] --END-- [ RunTime:0.000000s ]
SQL: SHOW COLUMNS FROM `cs_message` [ RunTime:0.0050s ]
NOTIC: [8] Undefined index: validate F:\phpStudy\WWW\carshop\ThinkPHP\Library\Think\Model.class.php 第 1185 行.
NOTIC: [8] Undefined index: auto F:\phpStudy\WWW\carshop\ThinkPHP\Library\Think\Model.class.php 第 1128 行.
SQL: UPDATE `cs_message` SET `checked`='1' WHERE `id` = 14 [ RunTime:0.0000s ]
INFO: [ view_parse ] --START--
INFO: [ template_filter ] --START--
INFO: Run Behavior\ContentReplaceBehavior [ RunTime:0.001000s ]
INFO: [ template_filter ] --END-- [ RunTime:0.001000s ]
INFO: Run Behavior\ParseTemplateBehavior [ RunTime:0.008001s ]
INFO: [ view_parse ] --END-- [ RunTime:0.008001s ]
INFO: [ view_filter ] --START--
INFO: Run Behavior\WriteHtmlCacheBehavior [ RunTime:0.001000s ]
INFO: [ view_filter ] --END-- [ RunTime:0.001000s ]
INFO: [ app_end ] --START--
INFO: Run Behavior\ShowPageTraceBehavior [ RunTime:0.001000s ]
INFO: [ app_end ] --END-- [ RunTime:0.001000s ]

[ 2016-05-06T17:23:23+08:00 ] 127.0.0.1 /carshop/index.php/Admin/Message/lst.html
INFO: [ app_init ] --START--
INFO: Run Behavior\BuildLiteBehavior [ RunTime:0.000000s ]
INFO: [ app_init ] --END-- [ RunTime:0.001000s ]
INFO: [ app_begin ] --START--
INFO: Run Behavior\ReadHtmlCacheBehavior [ RunTime:0.001000s ]
INFO: [ app_begin ] --END-- [ RunTime:0.001000s ]
SQL: SHOW COLUMNS FROM `cs_message` [ RunTime:0.0050s ]
SQL: SELECT COUNT(*) AS tp_count FROM `cs_message` LIMIT 1   [ RunTime:0.0000s ]
SQL: SELECT * FROM `cs_message` LIMIT 0,2   [ RunTime:0.0030s ]
NOTIC: [8] Undefined variable: messageres F:\phpStudy\WWW\carshop\Application\Admin\Controller\MessageController.class.php 第 14 行.
INFO: [ view_parse ] --START--
INFO: [ template_filter ] --START--
INFO: Run Behavior\ContentReplaceBehavior [ RunTime:0.000000s ]
INFO: [ template_filter ] --END-- [ RunTime:0.000000s ]
INFO: Run Behavior\ParseTemplateBehavior [ RunTime:0.011001s ]
INFO: [ view_parse ] --END-- [ RunTime:0.011001s ]
INFO: [ view_filter ] --START--
INFO: Run Behavior\WriteHtmlCacheBehavior [ RunTime:0.001000s ]
INFO: [ view_filter ] --END-- [ RunTime:0.001000s ]
INFO: [ app_end ] --START--
INFO: Run Behavior\ShowPageTraceBehavior [ RunTime:0.001000s ]
INFO: [ app_end ] --END-- [ RunTime:0.001000s ]

[ 2016-05-06T17:24:11+08:00 ] 127.0.0.1 /carshop/index.php/Admin/Message/reply/id/14
INFO: [ app_init ] --START--
INFO: Run Behavior\BuildLiteBehavior [ RunTime:0.000000s ]
INFO: [ app_init ] --END-- [ RunTime:0.000000s ]
INFO: [ app_begin ] --START--
INFO: Run Behavior\ReadHtmlCacheBehavior [ RunTime:0.001000s ]
INFO: [ app_begin ] --END-- [ RunTime:0.001000s ]
SQL: SHOW COLUMNS FROM `cs_message` [ RunTime:0.0110s ]
SQL: SHOW COLUMNS FROM `cs_reply` [ RunTime:0.0080s ]
SQL: SELECT * FROM `cs_reply` WHERE ( mid=14 )  [ RunTime:0.0000s ]
SQL: SELECT * FROM `cs_message` WHERE `id` = 14 LIMIT 1   [ RunTime:0.0010s ]
INFO: [ view_parse ] --START--
INFO: [ template_filter ] --START--
INFO: Run Behavior\ContentReplaceBehavior [ RunTime:0.000000s ]
INFO: [ template_filter ] --END-- [ RunTime:0.000000s ]
NOTIC: [8] Undefined variable: links F:\phpStudy\WWW\carshop\Application\Runtime\Cache\Admin\f0071f6cecef4d50211b6ee16214909d.php 第 110 行.
INFO: Run Behavior\ParseTemplateBehavior [ RunTime:0.038002s ]
INFO: [ view_parse ] --END-- [ RunTime:0.038002s ]
INFO: [ view_filter ] --START--
INFO: Run Behavior\WriteHtmlCacheBehavior [ RunTime:0.001000s ]
INFO: [ view_filter ] --END-- [ RunTime:0.001000s ]
INFO: [ app_end ] --START--
INFO: Run Behavior\ShowPageTraceBehavior [ RunTime:0.001000s ]
INFO: [ app_end ] --END-- [ RunTime:0.001000s ]

[ 2016-05-06T17:24:19+08:00 ] 127.0.0.1 /carshop/index.php/Admin/Message/reply/id/14
INFO: [ app_init ] --START--
INFO: Run Behavior\BuildLiteBehavior [ RunTime:0.000000s ]
INFO: [ app_init ] --END-- [ RunTime:0.000000s ]
INFO: [ app_begin ] --START--
INFO: Run Behavior\ReadHtmlCacheBehavior [ RunTime:0.001000s ]
INFO: [ app_begin ] --END-- [ RunTime:0.001000s ]
SQL: SHOW COLUMNS FROM `cs_message` [ RunTime:0.0100s ]
SQL: SHOW COLUMNS FROM `cs_reply` [ RunTime:0.0080s ]
NOTIC: [8] Undefined index: validate F:\phpStudy\WWW\carshop\ThinkPHP\Library\Think\Model.class.php 第 1185 行.
NOTIC: [8] Undefined index: auto F:\phpStudy\WWW\carshop\ThinkPHP\Library\Think\Model.class.php 第 1128 行.
SQL: INSERT INTO `cs_reply` (`mid`,`content`,`time`) VALUES ('14','感谢您的支持','1462526659') [ RunTime:0.0010s ]
INFO: [ view_parse ] --START--
INFO: [ template_filter ] --START--
INFO: Run Behavior\ContentReplaceBehavior [ RunTime:0.000000s ]
INFO: [ template_filter ] --END-- [ RunTime:0.000000s ]
INFO: Run Behavior\ParseTemplateBehavior [ RunTime:0.012000s ]
INFO: [ view_parse ] --END-- [ RunTime:0.012000s ]
INFO: [ view_filter ] --START--
INFO: Run Behavior\WriteHtmlCacheBehavior [ RunTime:0.001000s ]
INFO: [ view_filter ] --END-- [ RunTime:0.001000s ]
INFO: [ app_end ] --START--
INFO: Run Behavior\ShowPageTraceBehavior [ RunTime:0.001001s ]
INFO: [ app_end ] --END-- [ RunTime:0.001001s ]

[ 2016-05-06T17:24:21+08:00 ] 127.0.0.1 /carshop/index.php/Admin/Message/lst.html
INFO: [ app_init ] --START--
INFO: Run Behavior\BuildLiteBehavior [ RunTime:0.000000s ]
INFO: [ app_init ] --END-- [ RunTime:0.001000s ]
INFO: [ app_begin ] --START--
INFO: Run Behavior\ReadHtmlCacheBehavior [ RunTime:0.001000s ]
INFO: [ app_begin ] --END-- [ RunTime:0.001000s ]
SQL: SHOW COLUMNS FROM `cs_message` [ RunTime:0.0040s ]
SQL: SELECT COUNT(*) AS tp_count FROM `cs_message` LIMIT 1   [ RunTime:0.0000s ]
SQL: SELECT * FROM `cs_message` LIMIT 0,2   [ RunTime:0.0010s ]
NOTIC: [8] Undefined variable: messageres F:\phpStudy\WWW\carshop\Application\Admin\Controller\MessageController.class.php 第 14 行.
INFO: [ view_parse ] --START--
INFO: [ template_filter ] --START--
INFO: Run Behavior\ContentReplaceBehavior [ RunTime:0.000000s ]
INFO: [ template_filter ] --END-- [ RunTime:0.000000s ]
INFO: Run Behavior\ParseTemplateBehavior [ RunTime:0.010001s ]
INFO: [ view_parse ] --END-- [ RunTime:0.010001s ]
INFO: [ view_filter ] --START--
INFO: Run Behavior\WriteHtmlCacheBehavior [ RunTime:0.000000s ]
INFO: [ view_filter ] --END-- [ RunTime:0.000000s ]
INFO: [ app_end ] --START--
INFO: Run Behavior\ShowPageTraceBehavior [ RunTime:0.003000s ]
INFO: [ app_end ] --END-- [ RunTime:0.003000s ]

[ 2016-05-06T17:24:24+08:00 ] 127.0.0.1 /carshop/index.php/Admin/Message/reply/id/14
INFO: [ app_init ] --START--
INFO: Run Behavior\BuildLiteBehavior [ RunTime:0.000000s ]
INFO: [ app_init ] --END-- [ RunTime:0.001000s ]
INFO: [ app_begin ] --START--
INFO: Run Behavior\ReadHtmlCacheBehavior [ RunTime:0.001000s ]
INFO: [ app_begin ] --END-- [ RunTime:0.001000s ]
SQL: SHOW COLUMNS FROM `cs_message` [ RunTime:0.0070s ]
SQL: SHOW COLUMNS FROM `cs_reply` [ RunTime:0.0060s ]
SQL: SELECT * FROM `cs_reply` WHERE ( mid=14 )  [ RunTime:0.0010s ]
SQL: SELECT * FROM `cs_message` WHERE `id` = 14 LIMIT 1   [ RunTime:0.0010s ]
INFO: [ view_parse ] --START--
INFO: [ template_filter ] --START--
INFO: Run Behavior\ContentReplaceBehavior [ RunTime:0.000000s ]
INFO: [ template_filter ] --END-- [ RunTime:0.000000s ]
NOTIC: [8] Undefined variable: links F:\phpStudy\WWW\carshop\Application\Runtime\Cache\Admin\f0071f6cecef4d50211b6ee16214909d.php 第 110 行.
INFO: Run Behavior\ParseTemplateBehavior [ RunTime:0.015001s ]
INFO: [ view_parse ] --END-- [ RunTime:0.015001s ]
INFO: [ view_filter ] --START--
INFO: Run Behavior\WriteHtmlCacheBehavior [ RunTime:0.000000s ]
INFO: [ view_filter ] --END-- [ RunTime:0.000000s ]
INFO: [ app_end ] --START--
INFO: Run Behavior\ShowPageTraceBehavior [ RunTime:0.000000s ]
INFO: [ app_end ] --END-- [ RunTime:0.001000s ]

[ 2016-05-06T17:24:30+08:00 ] 127.0.0.1 /carshop/index.php/Admin/Message/reply/id/14
INFO: [ app_init ] --START--
INFO: Run Behavior\BuildLiteBehavior [ RunTime:0.000000s ]
INFO: [ app_init ] --END-- [ RunTime:0.000000s ]
INFO: [ app_begin ] --START--
INFO: Run Behavior\ReadHtmlCacheBehavior [ RunTime:0.001000s ]
INFO: [ app_begin ] --END-- [ RunTime:0.001000s ]
SQL: SHOW COLUMNS FROM `cs_message` [ RunTime:0.0060s ]
SQL: SHOW COLUMNS FROM `cs_reply` [ RunTime:0.0050s ]
NOTIC: [8] Undefined index: validate F:\phpStudy\WWW\carshop\ThinkPHP\Library\Think\Model.class.php 第 1185 行.
NOTIC: [8] Undefined index: auto F:\phpStudy\WWW\carshop\ThinkPHP\Library\Think\Model.class.php 第 1128 行.
SQL: INSERT INTO `cs_reply` (`mid`,`content`,`time`) VALUES ('14','谢谢留言','1462526670') [ RunTime:0.0010s ]
INFO: [ view_parse ] --START--
INFO: [ template_filter ] --START--
INFO: Run Behavior\ContentReplaceBehavior [ RunTime:0.000000s ]
INFO: [ template_filter ] --END-- [ RunTime:0.000000s ]
INFO: Run Behavior\ParseTemplateBehavior [ RunTime:0.005000s ]
INFO: [ view_parse ] --END-- [ RunTime:0.005000s ]
INFO: [ view_filter ] --START--
INFO: Run Behavior\WriteHtmlCacheBehavior [ RunTime:0.000000s ]
INFO: [ view_filter ] --END-- [ RunTime:0.000000s ]
INFO: [ app_end ] --START--
INFO: Run Behavior\ShowPageTraceBehavior [ RunTime:0.001000s ]
INFO: [ app_end ] --END-- [ RunTime:0.001000s ]

[ 2016-05-06T17:24:33+08:00 ] 127.0.0.1 /carshop/index.php/Admin/Message/lst.html
INFO: [ app_init ] --START--
INFO: Run Behavior\BuildLiteBehavior [ RunTime:0.000000s ]
INFO: [ app_init ] --END-- [ RunTime:0.001001s ]
INFO: [ app_begin ] --START--
INFO: Run Behavior\ReadHtmlCacheBehavior [ RunTime:0.000000s ]
INFO: [ app_begin ] --END-- [ RunTime:0.000000s ]
SQL: SHOW COLUMNS FROM `cs_message` [ RunTime:0.0050s ]
SQL: SELECT COUNT(*) AS tp_count FROM `cs_message` LIMIT 1   [ RunTime:0.0000s ]
SQL: SELECT * FROM `cs_message` LIMIT 0,2   [ RunTime:0.0000s ]
NOTIC: [8] Undefined variable: messageres F:\phpStudy\WWW\carshop\Application\Admin\Controller\MessageController.class.php 第 14 行.
INFO: [ view_parse ] --START--
INFO: [ template_filter ] --START--
INFO: Run Behavior\ContentReplaceBehavior [ RunTime:0.000000s ]
INFO: [ template_filter ] --END-- [ RunTime:0.000000s ]
INFO: Run Behavior\ParseTemplateBehavior [ RunTime:0.008001s ]
INFO: [ view_parse ] --END-- [ RunTime:0.008001s ]
INFO: [ view_filter ] --START--
INFO: Run Behavior\WriteHtmlCacheBehavior [ RunTime:0.000000s ]
INFO: [ view_filter ] --END-- [ RunTime:0.000000s ]
INFO: [ app_end ] --START--
INFO: Run Behavior\ShowPageTraceBehavior [ RunTime:0.001000s ]
INFO: [ app_end ] --END-- [ RunTime:0.001000s ]

[ 2016-05-06T17:24:37+08:00 ] 127.0.0.1 /carshop/index.php/Admin/Message/lst/p/2.html
INFO: [ app_init ] --START--
INFO: Run Behavior\BuildLiteBehavior [ RunTime:0.000000s ]
INFO: [ app_init ] --END-- [ RunTime:0.000000s ]
INFO: [ app_begin ] --START--
INFO: Run Behavior\ReadHtmlCacheBehavior [ RunTime:0.001000s ]
INFO: [ app_begin ] --END-- [ RunTime:0.001000s ]
SQL: SHOW COLUMNS FROM `cs_message` [ RunTime:0.0110s ]
SQL: SELECT COUNT(*) AS tp_count FROM `cs_message` LIMIT 1   [ RunTime:0.0000s ]
SQL: SELECT * FROM `cs_message` LIMIT 2,2   [ RunTime:0.0010s ]
NOTIC: [8] Undefined variable: messageres F:\phpStudy\WWW\carshop\Application\Admin\Controller\MessageController.class.php 第 14 行.
INFO: [ view_parse ] --START--
INFO: [ template_filter ] --START--
INFO: Run Behavior\ContentReplaceBehavior [ RunTime:0.000000s ]
INFO: [ template_filter ] --END-- [ RunTime:0.000000s ]
INFO: Run Behavior\ParseTemplateBehavior [ RunTime:0.015001s ]
INFO: [ view_parse ] --END-- [ RunTime:0.015001s ]
INFO: [ view_filter ] --START--
INFO: Run Behavior\WriteHtmlCacheBehavior [ RunTime:0.001000s ]
INFO: [ view_filter ] --END-- [ RunTime:0.001000s ]
INFO: [ app_end ] --START--
INFO: Run Behavior\ShowPageTraceBehavior [ RunTime:0.001000s ]
INFO: [ app_end ] --END-- [ RunTime:0.002000s ]

[ 2016-05-06T17:24:49+08:00 ] 127.0.0.1 /carshop/index.php/Admin/Message/reply/id/16
INFO: [ app_init ] --START--
INFO: Run Behavior\BuildLiteBehavior [ RunTime:0.000000s ]
INFO: [ app_init ] --END-- [ RunTime:0.000000s ]
INFO: [ app_begin ] --START--
INFO: Run Behavior\ReadHtmlCacheBehavior [ RunTime:0.000000s ]
INFO: [ app_begin ] --END-- [ RunTime:0.000000s ]
SQL: SHOW COLUMNS FROM `cs_message` [ RunTime:0.0060s ]
SQL: SHOW COLUMNS FROM `cs_reply` [ RunTime:0.0030s ]
SQL: SELECT * FROM `cs_reply` WHERE ( mid=16 )  [ RunTime:0.0000s ]
SQL: SELECT * FROM `cs_message` WHERE `id` = 16 LIMIT 1   [ RunTime:0.0000s ]
INFO: [ view_parse ] --START--
INFO: [ template_filter ] --START--
INFO: Run Behavior\ContentReplaceBehavior [ RunTime:0.000000s ]
INFO: [ template_filter ] --END-- [ RunTime:0.000000s ]
NOTIC: [8] Undefined variable: links F:\phpStudy\WWW\carshop\Application\Runtime\Cache\Admin\f0071f6cecef4d50211b6ee16214909d.php 第 110 行.
INFO: Run Behavior\ParseTemplateBehavior [ RunTime:0.007000s ]
INFO: [ view_parse ] --END-- [ RunTime:0.007000s ]
INFO: [ view_filter ] --START--
INFO: Run Behavior\WriteHtmlCacheBehavior [ RunTime:0.000000s ]
INFO: [ view_filter ] --END-- [ RunTime:0.000000s ]
INFO: [ app_end ] --START--
INFO: Run Behavior\ShowPageTraceBehavior [ RunTime:0.001000s ]
INFO: [ app_end ] --END-- [ RunTime:0.001000s ]

[ 2016-05-06T17:24:55+08:00 ] 127.0.0.1 /carshop/index.php/Admin/Message/checked/id/16
INFO: [ app_init ] --START--
INFO: Run Behavior\BuildLiteBehavior [ RunTime:0.000000s ]
INFO: [ app_init ] --END-- [ RunTime:0.001000s ]
INFO: [ app_begin ] --START--
INFO: Run Behavior\ReadHtmlCacheBehavior [ RunTime:0.001000s ]
INFO: [ app_begin ] --END-- [ RunTime:0.001000s ]
SQL: SHOW COLUMNS FROM `cs_message` [ RunTime:0.0090s ]
SQL: SELECT * FROM `cs_message` WHERE `id` = 16 LIMIT 1   [ RunTime:0.0000s ]
INFO: [ view_parse ] --START--
INFO: [ template_filter ] --START--
INFO: Run Behavior\ContentReplaceBehavior [ RunTime:0.000000s ]
INFO: [ template_filter ] --END-- [ RunTime:0.000000s ]
INFO: Run Behavior\ParseTemplateBehavior [ RunTime:0.011001s ]
INFO: [ view_parse ] --END-- [ RunTime:0.011001s ]
INFO: [ view_filter ] --START--
INFO: Run Behavior\WriteHtmlCacheBehavior [ RunTime:0.001000s ]
INFO: [ view_filter ] --END-- [ RunTime:0.001000s ]
INFO: [ app_end ] --START--
INFO: Run Behavior\ShowPageTraceBehavior [ RunTime:0.002000s ]
INFO: [ app_end ] --END-- [ RunTime:0.002000s ]

[ 2016-05-06T17:24:57+08:00 ] 127.0.0.1 /carshop/index.php/Admin/Message/checked/id/16
INFO: [ app_init ] --START--
INFO: Run Behavior\BuildLiteBehavior [ RunTime:0.000000s ]
INFO: [ app_init ] --END-- [ RunTime:0.000000s ]
INFO: [ app_begin ] --START--
INFO: Run Behavior\ReadHtmlCacheBehavior [ RunTime:0.000000s ]
INFO: [ app_begin ] --END-- [ RunTime:0.000000s ]
SQL: SHOW COLUMNS FROM `cs_message` [ RunTime:0.0040s ]
NOTIC: [8] Undefined index: validate F:\phpStudy\WWW\carshop\ThinkPHP\Library\Think\Model.class.php 第 1185 行.
NOTIC: [8] Undefined index: auto F:\phpStudy\WWW\carshop\ThinkPHP\Library\Think\Model.class.php 第 1128 行.
SQL: UPDATE `cs_message` SET `checked`='1' WHERE `id` = 16 [ RunTime:0.0000s ]
INFO: [ view_parse ] --START--
INFO: [ template_filter ] --START--
INFO: Run Behavior\ContentReplaceBehavior [ RunTime:0.000000s ]
INFO: [ template_filter ] --END-- [ RunTime:0.000000s ]
INFO: Run Behavior\ParseTemplateBehavior [ RunTime:0.007000s ]
INFO: [ view_parse ] --END-- [ RunTime:0.008000s ]
INFO: [ view_filter ] --START--
INFO: Run Behavior\WriteHtmlCacheBehavior [ RunTime:0.000000s ]
INFO: [ view_filter ] --END-- [ RunTime:0.000000s ]
INFO: [ app_end ] --START--
INFO: Run Behavior\ShowPageTraceBehavior [ RunTime:0.001000s ]
INFO: [ app_end ] --END-- [ RunTime:0.001000s ]

[ 2016-05-06T17:24:59+08:00 ] 127.0.0.1 /carshop/index.php/Admin/Message/lst.html
INFO: [ app_init ] --START--
INFO: Run Behavior\BuildLiteBehavior [ RunTime:0.000000s ]
INFO: [ app_init ] --END-- [ RunTime:0.000000s ]
INFO: [ app_begin ] --START--
INFO: Run Behavior\ReadHtmlCacheBehavior [ RunTime:0.001000s ]
INFO: [ app_begin ] --END-- [ RunTime:0.001000s ]
SQL: SHOW COLUMNS FROM `cs_message` [ RunTime:0.0050s ]
SQL: SELECT COUNT(*) AS tp_count FROM `cs_message` LIMIT 1   [ RunTime:0.0000s ]
SQL: SELECT * FROM `cs_message` LIMIT 0,2   [ RunTime:0.0010s ]
NOTIC: [8] Undefined variable: messageres F:\phpStudy\WWW\carshop\Application\Admin\Controller\MessageController.class.php 第 14 行.
INFO: [ view_parse ] --START--
INFO: [ template_filter ] --START--
INFO: Run Behavior\ContentReplaceBehavior [ RunTime:0.000000s ]
INFO: [ template_filter ] --END-- [ RunTime:0.000000s ]
INFO: Run Behavior\ParseTemplateBehavior [ RunTime:0.015000s ]
INFO: [ view_parse ] --END-- [ RunTime:0.015000s ]
INFO: [ view_filter ] --START--
INFO: Run Behavior\WriteHtmlCacheBehavior [ RunTime:0.000000s ]
INFO: [ view_filter ] --END-- [ RunTime:0.000000s ]
INFO: [ app_end ] --START--
INFO: Run Behavior\ShowPageTraceBehavior [ RunTime:0.001001s ]
INFO: [ app_end ] --END-- [ RunTime:0.001001s ]

[ 2016-05-06T17:25:03+08:00 ] 127.0.0.1 /carshop/index.php/Admin/Message/checked/id/15
INFO: [ app_init ] --START--
INFO: Run Behavior\BuildLiteBehavior [ RunTime:0.000000s ]
INFO: [ app_init ] --END-- [ RunTime:0.000000s ]
INFO: [ app_begin ] --START--
INFO: Run Behavior\ReadHtmlCacheBehavior [ RunTime:0.001000s ]
INFO: [ app_begin ] --END-- [ RunTime:0.001000s ]
SQL: SHOW COLUMNS FROM `cs_message` [ RunTime:0.0080s ]
SQL: SELECT * FROM `cs_message` WHERE `id` = 15 LIMIT 1   [ RunTime:0.0010s ]
INFO: [ view_parse ] --START--
INFO: [ template_filter ] --START--
INFO: Run Behavior\ContentReplaceBehavior [ RunTime:0.000000s ]
INFO: [ template_filter ] --END-- [ RunTime:0.000000s ]
INFO: Run Behavior\ParseTemplateBehavior [ RunTime:0.013001s ]
INFO: [ view_parse ] --END-- [ RunTime:0.013001s ]
INFO: [ view_filter ] --START--
INFO: Run Behavior\WriteHtmlCacheBehavior [ RunTime:0.001000s ]
INFO: [ view_filter ] --END-- [ RunTime:0.001000s ]
INFO: [ app_end ] --START--
INFO: Run Behavior\ShowPageTraceBehavior [ RunTime:0.001000s ]
INFO: [ app_end ] --END-- [ RunTime:0.001000s ]

[ 2016-05-06T17:25:06+08:00 ] 127.0.0.1 /carshop/index.php/Admin/Message/checked/id/15
INFO: [ app_init ] --START--
INFO: Run Behavior\BuildLiteBehavior [ RunTime:0.000000s ]
INFO: [ app_init ] --END-- [ RunTime:0.001000s ]
INFO: [ app_begin ] --START--
INFO: Run Behavior\ReadHtmlCacheBehavior [ RunTime:0.001000s ]
INFO: [ app_begin ] --END-- [ RunTime:0.001000s ]
SQL: SHOW COLUMNS FROM `cs_message` [ RunTime:0.0050s ]
NOTIC: [8] Undefined index: validate F:\phpStudy\WWW\carshop\ThinkPHP\Library\Think\Model.class.php 第 1185 行.
NOTIC: [8] Undefined index: auto F:\phpStudy\WWW\carshop\ThinkPHP\Library\Think\Model.class.php 第 1128 行.
SQL: UPDATE `cs_message` SET `checked`='1' WHERE `id` = 15 [ RunTime:0.0010s ]
INFO: [ view_parse ] --START--
INFO: [ template_filter ] --START--
INFO: Run Behavior\ContentReplaceBehavior [ RunTime:0.001000s ]
INFO: [ template_filter ] --END-- [ RunTime:0.001000s ]
INFO: Run Behavior\ParseTemplateBehavior [ RunTime:0.007001s ]
INFO: [ view_parse ] --END-- [ RunTime:0.007001s ]
INFO: [ view_filter ] --START--
INFO: Run Behavior\WriteHtmlCacheBehavior [ RunTime:0.000000s ]
INFO: [ view_filter ] --END-- [ RunTime:0.000000s ]
INFO: [ app_end ] --START--
INFO: Run Behavior\ShowPageTraceBehavior [ RunTime:0.001000s ]
INFO: [ app_end ] --END-- [ RunTime:0.001000s ]

[ 2016-05-06T17:25:08+08:00 ] 127.0.0.1 /carshop/index.php/Admin/Message/lst.html
INFO: [ app_init ] --START--
INFO: Run Behavior\BuildLiteBehavior [ RunTime:0.000000s ]
INFO: [ app_init ] --END-- [ RunTime:0.001000s ]
INFO: [ app_begin ] --START--
INFO: Run Behavior\ReadHtmlCacheBehavior [ RunTime:0.002000s ]
INFO: [ app_begin ] --END-- [ RunTime:0.002000s ]
SQL: SHOW COLUMNS FROM `cs_message` [ RunTime:0.0100s ]
SQL: SELECT COUNT(*) AS tp_count FROM `cs_message` LIMIT 1   [ RunTime:0.0030s ]
SQL: SELECT * FROM `cs_message` LIMIT 0,2   [ RunTime:0.0000s ]
NOTIC: [8] Undefined variable: messageres F:\phpStudy\WWW\carshop\Application\Admin\Controller\MessageController.class.php 第 14 行.
INFO: [ view_parse ] --START--
INFO: [ template_filter ] --START--
INFO: Run Behavior\ContentReplaceBehavior [ RunTime:0.000000s ]
INFO: [ template_filter ] --END-- [ RunTime:0.000000s ]
INFO: Run Behavior\ParseTemplateBehavior [ RunTime:0.013001s ]
INFO: [ view_parse ] --END-- [ RunTime:0.013001s ]
INFO: [ view_filter ] --START--
INFO: Run Behavior\WriteHtmlCacheBehavior [ RunTime:0.001000s ]
INFO: [ view_filter ] --END-- [ RunTime:0.001000s ]
INFO: [ app_end ] --START--
INFO: Run Behavior\ShowPageTraceBehavior [ RunTime:0.001000s ]
INFO: [ app_end ] --END-- [ RunTime:0.001000s ]

[ 2016-05-06T17:25:11+08:00 ] 127.0.0.1 /carshop/index.php/Admin/Message/reply/id/15
INFO: [ app_init ] --START--
INFO: Run Behavior\BuildLiteBehavior [ RunTime:0.000000s ]
INFO: [ app_init ] --END-- [ RunTime:0.000000s ]
INFO: [ app_begin ] --START--
INFO: Run Behavior\ReadHtmlCacheBehavior [ RunTime:0.000000s ]
INFO: [ app_begin ] --END-- [ RunTime:0.000000s ]
SQL: SHOW COLUMNS FROM `cs_message` [ RunTime:0.0040s ]
SQL: SHOW COLUMNS FROM `cs_reply` [ RunTime:0.0040s ]
SQL: SELECT * FROM `cs_reply` WHERE ( mid=15 )  [ RunTime:0.0000s ]
SQL: SELECT * FROM `cs_message` WHERE `id` = 15 LIMIT 1   [ RunTime:0.0000s ]
INFO: [ view_parse ] --START--
INFO: [ template_filter ] --START--
INFO: Run Behavior\ContentReplaceBehavior [ RunTime:0.000000s ]
INFO: [ template_filter ] --END-- [ RunTime:0.000000s ]
NOTIC: [8] Undefined variable: links F:\phpStudy\WWW\carshop\Application\Runtime\Cache\Admin\f0071f6cecef4d50211b6ee16214909d.php 第 110 行.
INFO: Run Behavior\ParseTemplateBehavior [ RunTime:0.008000s ]
INFO: [ view_parse ] --END-- [ RunTime:0.008000s ]
INFO: [ view_filter ] --START--
INFO: Run Behavior\WriteHtmlCacheBehavior [ RunTime:0.000000s ]
INFO: [ view_filter ] --END-- [ RunTime:0.000000s ]
INFO: [ app_end ] --START--
INFO: Run Behavior\ShowPageTraceBehavior [ RunTime:0.000000s ]
INFO: [ app_end ] --END-- [ RunTime:0.000000s ]

[ 2016-05-06T17:25:16+08:00 ] 127.0.0.1 /carshop/index.php/Admin/Message/reply/id/15
INFO: [ app_init ] --START--
INFO: Run Behavior\BuildLiteBehavior [ RunTime:0.000000s ]
INFO: [ app_init ] --END-- [ RunTime:0.000000s ]
INFO: [ app_begin ] --START--
INFO: Run Behavior\ReadHtmlCacheBehavior [ RunTime:0.000000s ]
INFO: [ app_begin ] --END-- [ RunTime:0.000000s ]
SQL: SHOW COLUMNS FROM `cs_message` [ RunTime:0.0140s ]
SQL: SHOW COLUMNS FROM `cs_reply` [ RunTime:0.0130s ]
NOTIC: [8] Undefined index: validate F:\phpStudy\WWW\carshop\ThinkPHP\Library\Think\Model.class.php 第 1185 行.
NOTIC: [8] Undefined index: auto F:\phpStudy\WWW\carshop\ThinkPHP\Library\Think\Model.class.php 第 1128 行.
SQL: INSERT INTO `cs_reply` (`mid`,`content`,`time`) VALUES ('15','测试回复','1462526716') [ RunTime:0.0010s ]
INFO: [ view_parse ] --START--
INFO: [ template_filter ] --START--
INFO: Run Behavior\ContentReplaceBehavior [ RunTime:0.000000s ]
INFO: [ template_filter ] --END-- [ RunTime:0.000000s ]
INFO: Run Behavior\ParseTemplateBehavior [ RunTime:0.006001s ]
INFO: [ view_parse ] --END-- [ RunTime:0.006001s ]
INFO: [ view_filter ] --START--
INFO: Run Behavior\WriteHtmlCacheBehavior [ RunTime:0.001000s ]
INFO: [ view_filter ] --END-- [ RunTime:0.001000s ]
INFO: [ app_end ] --START--
INFO: Run Behavior\ShowPageTraceBehavior [ RunTime:0.000000s ]
INFO: [ app_end ] --END-- [ RunTime:0.000000s ]

[ 2016-05-06T17:25:19+08:00 ] 127.0.0.1 /carshop/index.php/Admin/Message/lst.html
INFO: [ app_init ] --START--
INFO: Run Behavior\BuildLiteBehavior [ RunTime:0.000000s ]
INFO: [ app_init ] --END-- [ RunTime:0.001000s ]
INFO: [ app_begin ] --START--
INFO: Run Behavior\ReadHtmlCacheBehavior [ RunTime:0.001000s ]
INFO: [ app_begin ] --END-- [ RunTime:0.001000s ]
SQL: SHOW COLUMNS FROM `cs_message` [ RunTime:0.0070s ]
SQL: SELECT COUNT(*) AS tp_count FROM `cs_message` LIMIT 1   [ RunTime:0.0000s ]
SQL: SELECT * FROM `cs_message` LIMIT 0,2   [ RunTime:0.0000s ]
NOTIC: [8] Undefined variable: messageres F:\phpStudy\WWW\carshop\Application\Admin\Controller\MessageController.class.php 第 14 行.
INFO: [ view_parse ] --START--
INFO: [ template_filter ] --START--
INFO: Run Behavior\ContentReplaceBehavior [ RunTime:0.000000s ]
INFO: [ template_filter ] --END-- [ RunTime:0.000000s ]
INFO: Run Behavior\ParseTemplateBehavior [ RunTime:0.010001s ]
INFO: [ view_parse ] --END-- [ RunTime:0.010001s ]
INFO: [ view_filter ] --START--
INFO: Run Behavior\WriteHtmlCacheBehavior [ RunTime:0.001000s ]
INFO: [ view_filter ] --END-- [ RunTime:0.001000s ]
INFO: [ app_end ] --START--
INFO: Run Behavior\ShowPageTraceBehavior [ RunTime:0.000000s ]
INFO: [ app_end ] --END-- [ RunTime:0.000000s ]

[ 2016-05-06T18:17:25+08:00 ] 127.0.0.1 /carshop/index.php/Admin/Message/lst/p/2.html
INFO: [ app_init ] --START--
INFO: Run Behavior\BuildLiteBehavior [ RunTime:0.000000s ]
INFO: [ app_init ] --END-- [ RunTime:0.001000s ]
INFO: [ app_begin ] --START--
INFO: Run Behavior\ReadHtmlCacheBehavior [ RunTime:0.000000s ]
INFO: [ app_begin ] --END-- [ RunTime:0.000000s ]
SQL: SHOW COLUMNS FROM `cs_message` [ RunTime:0.0100s ]
SQL: SELECT COUNT(*) AS tp_count FROM `cs_message` LIMIT 1   [ RunTime:0.0000s ]
SQL: SELECT * FROM `cs_message` LIMIT 2,2   [ RunTime:0.0010s ]
NOTIC: [8] Undefined variable: messageres F:\phpStudy\WWW\carshop\Application\Admin\Controller\MessageController.class.php 第 14 行.
INFO: [ view_parse ] --START--
INFO: [ template_filter ] --START--
INFO: Run Behavior\ContentReplaceBehavior [ RunTime:0.000000s ]
INFO: [ template_filter ] --END-- [ RunTime:0.000000s ]
INFO: Run Behavior\ParseTemplateBehavior [ RunTime:0.019001s ]
INFO: [ view_parse ] --END-- [ RunTime:0.019001s ]
INFO: [ view_filter ] --START--
INFO: Run Behavior\WriteHtmlCacheBehavior [ RunTime:0.000000s ]
INFO: [ view_filter ] --END-- [ RunTime:0.000000s ]
INFO: [ app_end ] --START--
INFO: Run Behavior\ShowPageTraceBehavior [ RunTime:0.000000s ]
INFO: [ app_end ] --END-- [ RunTime:0.000000s ]

[ 2016-05-06T18:17:28+08:00 ] 127.0.0.1 /carshop/index.php/Admin/Message/lst/p/1.html
INFO: [ app_init ] --START--
INFO: Run Behavior\BuildLiteBehavior [ RunTime:0.000000s ]
INFO: [ app_init ] --END-- [ RunTime:0.000000s ]
INFO: [ app_begin ] --START--
INFO: Run Behavior\ReadHtmlCacheBehavior [ RunTime:0.001000s ]
INFO: [ app_begin ] --END-- [ RunTime:0.001000s ]
SQL: SHOW COLUMNS FROM `cs_message` [ RunTime:0.0060s ]
SQL: SELECT COUNT(*) AS tp_count FROM `cs_message` LIMIT 1   [ RunTime:0.0000s ]
SQL: SELECT * FROM `cs_message` LIMIT 0,2   [ RunTime:0.0000s ]
NOTIC: [8] Undefined variable: messageres F:\phpStudy\WWW\carshop\Application\Admin\Controller\MessageController.class.php 第 14 行.
INFO: [ view_parse ] --START--
INFO: [ template_filter ] --START--
INFO: Run Behavior\ContentReplaceBehavior [ RunTime:0.000000s ]
INFO: [ template_filter ] --END-- [ RunTime:0.000000s ]
INFO: Run Behavior\ParseTemplateBehavior [ RunTime:0.008000s ]
INFO: [ view_parse ] --END-- [ RunTime:0.008000s ]
INFO: [ view_filter ] --START--
INFO: Run Behavior\WriteHtmlCacheBehavior [ RunTime:0.000000s ]
INFO: [ view_filter ] --END-- [ RunTime:0.000000s ]
INFO: [ app_end ] --START--
INFO: Run Behavior\ShowPageTraceBehavior [ RunTime:0.001000s ]
INFO: [ app_end ] --END-- [ RunTime:0.001000s ]

[ 2016-05-06T18:18:25+08:00 ] 127.0.0.1 /carshop/index.php/Admin/Message/lst/p/2.html
INFO: [ app_init ] --START--
INFO: Run Behavior\BuildLiteBehavior [ RunTime:0.000000s ]
INFO: [ app_init ] --END-- [ RunTime:0.000000s ]
INFO: [ app_begin ] --START--
INFO: Run Behavior\ReadHtmlCacheBehavior [ RunTime:0.001000s ]
INFO: [ app_begin ] --END-- [ RunTime:0.001000s ]
SQL: SHOW COLUMNS FROM `cs_message` [ RunTime:0.0070s ]
SQL: SELECT COUNT(*) AS tp_count FROM `cs_message` LIMIT 1   [ RunTime:0.0010s ]
SQL: SELECT * FROM `cs_message` LIMIT 2,2   [ RunTime:0.0000s ]
NOTIC: [8] Undefined variable: messageres F:\phpStudy\WWW\carshop\Application\Admin\Controller\MessageController.class.php 第 14 行.
INFO: [ view_parse ] --START--
INFO: [ template_filter ] --START--
INFO: Run Behavior\ContentReplaceBehavior [ RunTime:0.000000s ]
INFO: [ template_filter ] --END-- [ RunTime:0.000000s ]
INFO: Run Behavior\ParseTemplateBehavior [ RunTime:0.016001s ]
INFO: [ view_parse ] --END-- [ RunTime:0.016001s ]
INFO: [ view_filter ] --START--
INFO: Run Behavior\WriteHtmlCacheBehavior [ RunTime:0.001000s ]
INFO: [ view_filter ] --END-- [ RunTime:0.001000s ]
INFO: [ app_end ] --START--
INFO: Run Behavior\ShowPageTraceBehavior [ RunTime:0.001000s ]
INFO: [ app_end ] --END-- [ RunTime:0.001000s ]

[ 2016-05-06T21:26:33+08:00 ] 127.0.0.1 /carshop/index.php/Admin/Message/lst/p/1.html
INFO: [ app_init ] --START--
INFO: Run Behavior\BuildLiteBehavior [ RunTime:0.000000s ]
INFO: [ app_init ] --END-- [ RunTime:0.001000s ]
INFO: [ app_begin ] --START--
INFO: Run Behavior\ReadHtmlCacheBehavior [ RunTime:0.001000s ]
INFO: [ app_begin ] --END-- [ RunTime:0.001000s ]
SQL: SHOW COLUMNS FROM `cs_message` [ RunTime:0.0080s ]
SQL: SELECT COUNT(*) AS tp_count FROM `cs_message` LIMIT 1   [ RunTime:0.0000s ]
SQL: SELECT * FROM `cs_message` LIMIT 0,2   [ RunTime:0.0010s ]
NOTIC: [8] Undefined variable: messageres F:\phpStudy\WWW\carshop\Application\Admin\Controller\MessageController.class.php 第 14 行.
INFO: [ view_parse ] --START--
INFO: [ template_filter ] --START--
INFO: Run Behavior\ContentReplaceBehavior [ RunTime:0.000000s ]
INFO: [ template_filter ] --END-- [ RunTime:0.000000s ]
INFO: Run Behavior\ParseTemplateBehavior [ RunTime:0.039002s ]
INFO: [ view_parse ] --END-- [ RunTime:0.039002s ]
INFO: [ view_filter ] --START--
INFO: Run Behavior\WriteHtmlCacheBehavior [ RunTime:0.001000s ]
INFO: [ view_filter ] --END-- [ RunTime:0.001000s ]
INFO: [ app_end ] --START--
INFO: Run Behavior\ShowPageTraceBehavior [ RunTime:0.001001s ]
INFO: [ app_end ] --END-- [ RunTime:0.001001s ]

[ 2016-05-06T22:13:32+08:00 ] 127.0.0.1 /carshop/index.php/Admin/Article/lst
INFO: [ app_init ] --START--
INFO: Run Behavior\BuildLiteBehavior [ RunTime:0.000000s ]
INFO: [ app_init ] --END-- [ RunTime:0.001000s ]
INFO: [ app_begin ] --START--
INFO: Run Behavior\ReadHtmlCacheBehavior [ RunTime:0.001000s ]
INFO: [ app_begin ] --END-- [ RunTime:0.001000s ]
SQL: SHOW COLUMNS FROM `cs_article` [ RunTime:0.0190s ]
SQL: SHOW COLUMNS FROM `cs_cate` [ RunTime:0.0160s ]
NOTIC: [2] Invalid argument supplied for foreach() F:\phpStudy\WWW\carshop\ThinkPHP\Library\Think\Db\Driver.class.php 第 504 行.
SQL: SELECT COUNT(*) AS tp_count FROM cs_article article LEFT JOIN cs_cate cate ON article.cateid=cate.id LIMIT 1   [ RunTime:0.0010s ]
NOTIC: [2] Invalid argument supplied for foreach() F:\phpStudy\WWW\carshop\ThinkPHP\Library\Think\Db\Driver.class.php 第 504 行.
SQL: SELECT article.id AS id,article.title AS title,article.rem AS rem,article.pic AS pic,cate.name AS name FROM cs_article article LEFT JOIN cs_cate cate ON article.cateid=cate.id ORDER BY article.id desc LIMIT 0,3   [ RunTime:0.0000s ]
NOTIC: [8] Use of undefined constant unique - assumed 'unique' F:\phpStudy\WWW\carshop\ThinkPHP\Common\functions.php 第 588 行.
SQL: SHOW COLUMNS FROM `cs_cate` [ RunTime:0.0070s ]
SQL: SELECT * FROM `cs_cate` ORDER BY sort asc  [ RunTime:0.0010s ]
INFO: [ view_parse ] --START--
INFO: [ template_filter ] --START--
INFO: Run Behavior\ContentReplaceBehavior [ RunTime:0.000000s ]
INFO: [ template_filter ] --END-- [ RunTime:0.000000s ]
INFO: Run Behavior\ParseTemplateBehavior [ RunTime:0.017001s ]
INFO: [ view_parse ] --END-- [ RunTime:0.017001s ]
INFO: [ view_filter ] --START--
INFO: Run Behavior\WriteHtmlCacheBehavior [ RunTime:0.001000s ]
INFO: [ view_filter ] --END-- [ RunTime:0.001000s ]
INFO: [ app_end ] --START--
INFO: Run Behavior\ShowPageTraceBehavior [ RunTime:0.001000s ]
INFO: [ app_end ] --END-- [ RunTime:0.001000s ]

[ 2016-05-06T22:13:35+08:00 ] 127.0.0.1 /carshop/index.php/Admin/Article/lst/p/3.html
INFO: [ app_init ] --START--
INFO: Run Behavior\BuildLiteBehavior [ RunTime:0.000000s ]
INFO: [ app_init ] --END-- [ RunTime:0.001000s ]
INFO: [ app_begin ] --START--
INFO: Run Behavior\ReadHtmlCacheBehavior [ RunTime:0.001000s ]
INFO: [ app_begin ] --END-- [ RunTime:0.002001s ]
SQL: SHOW COLUMNS FROM `cs_article` [ RunTime:0.0110s ]
SQL: SHOW COLUMNS FROM `cs_cate` [ RunTime:0.0060s ]
NOTIC: [2] Invalid argument supplied for foreach() F:\phpStudy\WWW\carshop\ThinkPHP\Library\Think\Db\Driver.class.php 第 504 行.
SQL: SELECT COUNT(*) AS tp_count FROM cs_article article LEFT JOIN cs_cate cate ON article.cateid=cate.id LIMIT 1   [ RunTime:0.0010s ]
NOTIC: [2] Invalid argument supplied for foreach() F:\phpStudy\WWW\carshop\ThinkPHP\Library\Think\Db\Driver.class.php 第 504 行.
SQL: SELECT article.id AS id,article.title AS title,article.rem AS rem,article.pic AS pic,cate.name AS name FROM cs_article article LEFT JOIN cs_cate cate ON article.cateid=cate.id ORDER BY article.id desc LIMIT 6,3   [ RunTime:0.0000s ]
NOTIC: [8] Use of undefined constant unique - assumed 'unique' F:\phpStudy\WWW\carshop\ThinkPHP\Common\functions.php 第 588 行.
SQL: SHOW COLUMNS FROM `cs_cate` [ RunTime:0.0070s ]
SQL: SELECT * FROM `cs_cate` ORDER BY sort asc  [ RunTime:0.0010s ]
INFO: [ view_parse ] --START--
INFO: [ template_filter ] --START--
INFO: Run Behavior\ContentReplaceBehavior [ RunTime:0.000000s ]
INFO: [ template_filter ] --END-- [ RunTime:0.000000s ]
INFO: Run Behavior\ParseTemplateBehavior [ RunTime:0.009000s ]
INFO: [ view_parse ] --END-- [ RunTime:0.009000s ]
INFO: [ view_filter ] --START--
INFO: Run Behavior\WriteHtmlCacheBehavior [ RunTime:0.000000s ]
INFO: [ view_filter ] --END-- [ RunTime:0.000000s ]
INFO: [ app_end ] --START--
INFO: Run Behavior\ShowPageTraceBehavior [ RunTime:0.001000s ]
INFO: [ app_end ] --END-- [ RunTime:0.001000s ]

